!SESSION 2015-09-01 09:33:39.412 -----------------------------------------------
eclipse.buildId=4.5.0.I20150603-2000
java.version=1.8.0_60
java.vendor=Oracle Corporation
BootLoader constants: OS=win32, ARCH=x86_64, WS=win32, NL=en_US
Framework arguments:  -product org.eclipse.epp.package.java.product
Command-line arguments:  -os win32 -ws win32 -arch x86_64 -product org.eclipse.epp.package.java.product

!ENTRY org.eclipse.egit.ui 2 0 2015-09-01 09:36:09.608
!MESSAGE Warning: The environment variable HOME is not set. The following directory will be used to store the Git
user global configuration and to define the default location to store repositories: 'C:\Users\skrylova'. If this is
not correct please set the HOME environment variable and restart Eclipse. Otherwise Git for Windows and
EGit might behave differently since they see different configuration options.
This warning can be switched off on the Team > Git > Confirmations and Warnings preference page.
!SESSION 2015-09-01 10:40:02.803 -----------------------------------------------
eclipse.buildId=4.5.0.I20150603-2000
java.version=1.8.0_60
java.vendor=Oracle Corporation
BootLoader constants: OS=win32, ARCH=x86_64, WS=win32, NL=en_US
Framework arguments:  -product org.eclipse.epp.package.jee.product
Command-line arguments:  -os win32 -ws win32 -arch x86_64 -product org.eclipse.epp.package.jee.product

!ENTRY org.eclipse.egit.ui 2 0 2015-09-01 10:42:41.320
!MESSAGE Warning: The environment variable HOME is not set. The following directory will be used to store the Git
user global configuration and to define the default location to store repositories: 'C:\Users\skrylova'. If this is
not correct please set the HOME environment variable and restart Eclipse. Otherwise Git for Windows and
EGit might behave differently since they see different configuration options.
This warning can be switched off on the Team > Git > Confirmations and Warnings preference page.
!SESSION 2015-09-01 10:49:24.597 -----------------------------------------------
eclipse.buildId=4.5.0.I20150603-2000
java.version=1.8.0_60
java.vendor=Oracle Corporation
BootLoader constants: OS=win32, ARCH=x86_64, WS=win32, NL=en_US
Framework arguments:  -product org.eclipse.epp.package.jee.product -product org.eclipse.epp.package.jee.product
Command-line arguments:  -os win32 -ws win32 -arch x86_64 -product org.eclipse.epp.package.jee.product -data file:/D:/skrylova/tests/test-java-25-spkrylova/ -product org.eclipse.epp.package.jee.product

!ENTRY org.eclipse.egit.ui 2 0 2015-09-01 10:50:43.748
!MESSAGE Warning: The environment variable HOME is not set. The following directory will be used to store the Git
user global configuration and to define the default location to store repositories: 'C:\Users\skrylova'. If this is
not correct please set the HOME environment variable and restart Eclipse. Otherwise Git for Windows and
EGit might behave differently since they see different configuration options.
This warning can be switched off on the Team > Git > Confirmations and Warnings preference page.

!ENTRY org.testng.eclipse 1 0 2015-09-01 18:30:26.025
!MESSAGE [TestNGLaunchShortcut] Examining Java element:[Working copy] GroupCreationTests.java [in com.example.tests [in src [in addressbook-selenium-tests]]]
  package com.example.tests
  import java.util.regex.Pattern
  import java.util.concurrent.TimeUnit
  import org.junit.Assert.*
  import org.hamcrest.CoreMatchers.*
  import org.openqa.selenium.*
  import org.openqa.selenium.firefox.FirefoxDriver
  import org.openqa.selenium.support.ui.Select
  import org.testng.annotations.AfterClass
  import org.testng.annotations.BeforeClass
  import org.testng.annotations.Test
  class GroupCreationTests
    WebDriver driver
    String baseUrl
    boolean acceptNextAlert
    StringBuffer verificationErrors
    void setUp()
    void testNonEmptyGroupCreation()
    void testEmptyGroupCreation()
    void returnToGroupsPage()
    void submitGroupCreation()
    void fillGroupForm(GroupData)
    void initGroupCreation()
    void gotoGroupsPage()
    void openMainPage()
    void tearDown()
    boolean isElementPresent(By)
    boolean isAlertPresent()
    String closeAlertAndGetItsText()

!ENTRY org.testng.eclipse 1 0 2015-09-01 18:30:28.659
!MESSAGE [TestNGLaunchConfigurationDelegate] Launching:
  Classpath: D:\skrylova\tests\test-java-25-spkrylova\addressbook-selenium-tests\bin C:\Users\skrylova\Downloads\selenium-server-standalone-2.47.1.jar
  VMArgs:    -ea
  Class:     org.testng.remote.RemoteTestNG
  Args:      -serport 64665 -d D:\skrylova\tests\test-java-25-spkrylova\addressbook-selenium-tests\test-output C:\Users\skrylova\AppData\Local\Temp\testng-eclipse--1011454487\testng-customsuite.xml
java -ea -classpath D:\skrylova\tests\test-java-25-spkrylova\addressbook-selenium-tests\bin:C:\Users\skrylova\Downloads\selenium-server-standalone-2.47.1.jar org.testng.remote.RemoteTestNG -serport 64665 -d D:\skrylova\tests\test-java-25-spkrylova\addressbook-selenium-tests\test-output C:\Users\skrylova\AppData\Local\Temp\testng-eclipse--1011454487\testng-customsuite.xml

!ENTRY org.testng.eclipse 1 0 2015-09-01 18:36:11.569
!MESSAGE [TestNGLaunchShortcut] Examining Java element:com.example.tests [in src [in addressbook-selenium-tests]]
  [Working copy] GroupCreationTests.java
    package com.example.tests
    import java.util.regex.Pattern
    import java.util.concurrent.TimeUnit
    import org.junit.Assert.*
    import org.hamcrest.CoreMatchers.*
    import org.openqa.selenium.*
    import org.openqa.selenium.firefox.FirefoxDriver
    import org.openqa.selenium.support.ui.Select
    import org.testng.annotations.AfterClass
    import org.testng.annotations.BeforeClass
    import org.testng.annotations.Test
    class GroupCreationTests
      WebDriver driver
      String baseUrl
      boolean acceptNextAlert
      StringBuffer verificationErrors
      void setUp()
      void testNonEmptyGroupCreation()
      void testEmptyGroupCreation()
      void returnToGroupsPage()
      void submitGroupCreation()
      void fillGroupForm(GroupData)
      void initGroupCreation()
      void gotoGroupsPage()
      void openMainPage()
      void tearDown()
      boolean isElementPresent(By)
      boolean isAlertPresent()
      String closeAlertAndGetItsText()
  [Working copy] GroupData.java
    package com.example.tests
    class GroupData
      String name
      String header
      String footer
      GroupData()
      GroupData(String, String, String)
  AlsoGroupCreationTests.java
    package com.example.tests
    import java.util.regex.Pattern
    import java.util.concurrent.TimeUnit
    import org.junit.Assert.*
    import org.hamcrest.CoreMatchers.*
    import org.openqa.selenium.*
    import org.openqa.selenium.firefox.FirefoxDriver
    import org.openqa.selenium.support.ui.Select
    import org.testng.annotations.AfterClass
    import org.testng.annotations.BeforeClass
    import org.testng.annotations.Test
    class AlsoGroupCreationTests
      WebDriver driver
      String baseUrl
      boolean acceptNextAlert
      StringBuffer verificationErrors
      void setUp()
      void testNonEmptyGroupCreation()
      void testEmptyGroupCreation()
      void returnToGroupsPage()
      void submitGroupCreation()
      void fillGroupForm(GroupData)
      void initGroupCreation()
      void gotoGroupsPage()
      void openMainPage()
      void tearDown()
      boolean isElementPresent(By)
      boolean isAlertPresent()
      String closeAlertAndGetItsText()

!ENTRY org.testng.eclipse 1 0 2015-09-01 18:36:11.707
!MESSAGE [TestNGLaunchConfigurationDelegate] Launching:
  Classpath: D:\skrylova\tests\test-java-25-spkrylova\addressbook-selenium-tests\bin C:\Users\skrylova\Downloads\selenium-server-standalone-2.47.1.jar
  VMArgs:    -ea
  Class:     org.testng.remote.RemoteTestNG
  Args:      -serport 64788 -d D:\skrylova\tests\test-java-25-spkrylova\addressbook-selenium-tests\test-output C:\Users\skrylova\AppData\Local\Temp\testng-eclipse--1843993099\testng-customsuite.xml
java -ea -classpath D:\skrylova\tests\test-java-25-spkrylova\addressbook-selenium-tests\bin:C:\Users\skrylova\Downloads\selenium-server-standalone-2.47.1.jar org.testng.remote.RemoteTestNG -serport 64788 -d D:\skrylova\tests\test-java-25-spkrylova\addressbook-selenium-tests\test-output C:\Users\skrylova\AppData\Local\Temp\testng-eclipse--1843993099\testng-customsuite.xml

!ENTRY org.testng.eclipse 1 0 2015-09-01 18:54:44.595
!MESSAGE [TestNGLaunchShortcut] Examining Java element:com.example.tests [in src [in addressbook-selenium-tests]]
  [Working copy] TestBase.java
    package com.example.tests
    import org.junit.Assert.fail
    import java.util.concurrent.TimeUnit
    import org.openqa.selenium.Alert
    import org.openqa.selenium.By
    import org.openqa.selenium.NoAlertPresentException
    import org.openqa.selenium.NoSuchElementException
    import org.openqa.selenium.WebDriver
    import org.openqa.selenium.firefox.FirefoxDriver
    import org.testng.annotations.AfterClass
    import org.testng.annotations.AfterTest
    import org.testng.annotations.BeforeClass
    import org.testng.annotations.BeforeTest
    class TestBase
      WebDriver driver
      String baseUrl
      boolean acceptNextAlert
      StringBuffer verificationErrors
      void setUp()
      void tearDown()
      void returnToGroupsPage()
      void submitGroupCreation()
      void fillGroupForm(GroupData)
      void initGroupCreation()
      void gotoGroupsPage()
      void openMainPage()
      boolean isElementPresent(By)
      boolean isAlertPresent()
      String closeAlertAndGetItsText()
  [Working copy] GroupCreationTests.java
    package com.example.tests
    import java.util.regex.Pattern
    class GroupCreationTests
      void testNonEmptyGroupCreation()
      void testEmptyGroupCreation()
  [Working copy] GroupData.java
    package com.example.tests
    class GroupData
      String name
      String header
      String footer
      GroupData()
      GroupData(String, String, String)
  [Working copy] AlsoGroupCreationTests.java
    package com.example.tests
    import java.util.regex.Pattern
    import java.util.concurrent.TimeUnit
    import org.junit.Assert.*
    import org.hamcrest.CoreMatchers.*
    import org.openqa.selenium.*
    import org.openqa.selenium.firefox.FirefoxDriver
    import org.openqa.selenium.support.ui.Select
    import org.testng.annotations.AfterClass
    import org.testng.annotations.BeforeClass
    import org.testng.annotations.Test
    class AlsoGroupCreationTests
      WebDriver driver
      String baseUrl
      boolean acceptNextAlert
      StringBuffer verificationErrors
      void testNonEmptyGroupCreation()
      void testEmptyGroupCreation()

!ENTRY org.testng.eclipse 1 0 2015-09-01 18:54:57.431
!MESSAGE [TestNGLaunchConfigurationDelegate] Launching:
  Classpath: D:\skrylova\tests\test-java-25-spkrylova\addressbook-selenium-tests\bin C:\Users\skrylova\Downloads\selenium-server-standalone-2.47.1.jar
  VMArgs:    -ea
  Class:     org.testng.remote.RemoteTestNG
  Args:      -serport 64988 -d D:\skrylova\tests\test-java-25-spkrylova\addressbook-selenium-tests\test-output C:\Users\skrylova\AppData\Local\Temp\testng-eclipse--1384965759\testng-customsuite.xml
java -ea -classpath D:\skrylova\tests\test-java-25-spkrylova\addressbook-selenium-tests\bin:C:\Users\skrylova\Downloads\selenium-server-standalone-2.47.1.jar org.testng.remote.RemoteTestNG -serport 64988 -d D:\skrylova\tests\test-java-25-spkrylova\addressbook-selenium-tests\test-output C:\Users\skrylova\AppData\Local\Temp\testng-eclipse--1384965759\testng-customsuite.xml

!ENTRY org.testng.eclipse 1 0 2015-09-01 18:59:01.059
!MESSAGE [TestNGLaunchShortcut] Examining Java element:com.example.tests [in src [in addressbook-selenium-tests]]
  [Working copy] TestBase.java
    package com.example.tests
    import org.junit.Assert.fail
    import java.util.concurrent.TimeUnit
    import org.openqa.selenium.Alert
    import org.openqa.selenium.By
    import org.openqa.selenium.NoAlertPresentException
    import org.openqa.selenium.NoSuchElementException
    import org.openqa.selenium.WebDriver
    import org.openqa.selenium.firefox.FirefoxDriver
    import org.testng.annotations.AfterClass
    import org.testng.annotations.AfterTest
    import org.testng.annotations.BeforeClass
    import org.testng.annotations.BeforeTest
    class TestBase
      WebDriver driver
      String baseUrl
      boolean acceptNextAlert
      StringBuffer verificationErrors
      void setUp()
      void tearDown()
      void returnToGroupsPage()
      void submitGroupCreation()
      void fillGroupForm(GroupData)
      void initGroupCreation()
      void gotoGroupsPage()
      void openMainPage()
      boolean isElementPresent(By)
      boolean isAlertPresent()
      String closeAlertAndGetItsText()
  [Working copy] GroupCreationTests.java
    package com.example.tests
    import java.util.regex.Pattern
    import org.testng.annotations.Test
    class GroupCreationTests
      void testNonEmptyGroupCreation()
      void testEmptyGroupCreation()
  [Working copy] GroupData.java
    package com.example.tests
    class GroupData
      String name
      String header
      String footer
      GroupData()
      GroupData(String, String, String)
  [Working copy] AlsoGroupCreationTests.java
    package com.example.tests
    import java.util.regex.Pattern
    import java.util.concurrent.TimeUnit
    import org.junit.Assert.*
    import org.hamcrest.CoreMatchers.*
    import org.openqa.selenium.*
    import org.openqa.selenium.firefox.FirefoxDriver
    import org.openqa.selenium.support.ui.Select
    import org.testng.annotations.AfterClass
    import org.testng.annotations.BeforeClass
    import org.testng.annotations.Test
    class AlsoGroupCreationTests
      WebDriver driver
      String baseUrl
      boolean acceptNextAlert
      StringBuffer verificationErrors
      void testNonEmptyGroupCreation()
      void testEmptyGroupCreation()

!ENTRY org.testng.eclipse 1 0 2015-09-01 18:59:02.992
!MESSAGE [TestNGLaunchConfigurationDelegate] Launching:
  Classpath: D:\skrylova\tests\test-java-25-spkrylova\addressbook-selenium-tests\bin C:\Users\skrylova\Downloads\selenium-server-standalone-2.47.1.jar
  VMArgs:    -ea
  Class:     org.testng.remote.RemoteTestNG
  Args:      -serport 65092 -d D:\skrylova\tests\test-java-25-spkrylova\addressbook-selenium-tests\test-output C:\Users\skrylova\AppData\Local\Temp\testng-eclipse--608787142\testng-customsuite.xml
java -ea -classpath D:\skrylova\tests\test-java-25-spkrylova\addressbook-selenium-tests\bin:C:\Users\skrylova\Downloads\selenium-server-standalone-2.47.1.jar org.testng.remote.RemoteTestNG -serport 65092 -d D:\skrylova\tests\test-java-25-spkrylova\addressbook-selenium-tests\test-output C:\Users\skrylova\AppData\Local\Temp\testng-eclipse--608787142\testng-customsuite.xml

!ENTRY org.testng.eclipse 1 0 2015-09-01 19:02:16.493
!MESSAGE [TestNGLaunchShortcut] Examining Java element:com.example.tests [in src [in addressbook-selenium-tests]]
  [Working copy] TestBase.java
    package com.example.tests
    import org.junit.Assert.fail
    import java.util.concurrent.TimeUnit
    import org.openqa.selenium.Alert
    import org.openqa.selenium.By
    import org.openqa.selenium.NoAlertPresentException
    import org.openqa.selenium.NoSuchElementException
    import org.openqa.selenium.WebDriver
    import org.openqa.selenium.firefox.FirefoxDriver
    import org.testng.annotations.AfterClass
    import org.testng.annotations.AfterTest
    import org.testng.annotations.BeforeClass
    import org.testng.annotations.BeforeTest
    class TestBase
      WebDriver driver
      String baseUrl
      boolean acceptNextAlert
      StringBuffer verificationErrors
      void setUp()
      void tearDown()
      void returnToGroupsPage()
      void submitGroupCreation()
      void fillGroupForm(GroupData)
      void initGroupCreation()
      void gotoGroupsPage()
      void openMainPage()
      boolean isElementPresent(By)
      boolean isAlertPresent()
      String closeAlertAndGetItsText()
  [Working copy] GroupCreationTests.java
    package com.example.tests
    import java.util.regex.Pattern
    import org.testng.annotations.Test
    class GroupCreationTests
      void testNonEmptyGroupCreation()
      void testEmptyGroupCreation()
  [Working copy] GroupData.java
    package com.example.tests
    class GroupData
      String name
      String header
      String footer
      GroupData()
      GroupData(String, String, String)
  [Working copy] AlsoGroupCreationTests.java
    package com.example.tests
    import java.util.regex.Pattern
    import java.util.concurrent.TimeUnit
    import org.junit.Assert.*
    import org.hamcrest.CoreMatchers.*
    import org.openqa.selenium.*
    import org.openqa.selenium.firefox.FirefoxDriver
    import org.openqa.selenium.support.ui.Select
    import org.testng.annotations.AfterClass
    import org.testng.annotations.BeforeClass
    import org.testng.annotations.Test
    class AlsoGroupCreationTests
      WebDriver driver
      String baseUrl
      boolean acceptNextAlert
      StringBuffer verificationErrors
      void testNonEmptyGroupCreation()
      void testEmptyGroupCreation()

!ENTRY org.testng.eclipse 1 0 2015-09-01 19:02:21.630
!MESSAGE [TestNGLaunchConfigurationDelegate] Launching:
  Classpath: D:\skrylova\tests\test-java-25-spkrylova\addressbook-selenium-tests\bin C:\Users\skrylova\Downloads\selenium-server-standalone-2.47.1.jar
  VMArgs:    -ea
  Class:     org.testng.remote.RemoteTestNG
  Args:      -serport 65187 -d D:\skrylova\tests\test-java-25-spkrylova\addressbook-selenium-tests\test-output C:\Users\skrylova\AppData\Local\Temp\testng-eclipse--1328207933\testng-customsuite.xml
java -ea -classpath D:\skrylova\tests\test-java-25-spkrylova\addressbook-selenium-tests\bin:C:\Users\skrylova\Downloads\selenium-server-standalone-2.47.1.jar org.testng.remote.RemoteTestNG -serport 65187 -d D:\skrylova\tests\test-java-25-spkrylova\addressbook-selenium-tests\test-output C:\Users\skrylova\AppData\Local\Temp\testng-eclipse--1328207933\testng-customsuite.xml

!ENTRY org.testng.eclipse 1 0 2015-09-02 11:58:52.565
!MESSAGE [TestNGLaunchShortcut] Examining Java element:[Working copy] ContactCreationTests.java [in com.example.tests [in src [in addressbook-selenium-tests]]]
  package com.example.tests
  import java.util.regex.Pattern
  import java.util.concurrent.TimeUnit
  import org.junit.*
  import org.junit.Assert.*
  import org.hamcrest.CoreMatchers.*
  import org.openqa.selenium.*
  import org.openqa.selenium.firefox.FirefoxDriver
  import org.openqa.selenium.support.ui.Select
  class ContactCreationTests
    WebDriver driver
    String baseUrl
    boolean acceptNextAlert
    StringBuffer verificationErrors
    void setUp()
    void testNonEmptyContactCreation()
    void testEmptyContactCreation()
    void openMainPage2()
    void submitContactCreation()
    void fillAddNewPage(String, String, String, String, String, String)
    void gotoAddNewPage()
    void tearDown()
    boolean isElementPresent(By)
    boolean isAlertPresent()
    String closeAlertAndGetItsText()

!ENTRY org.testng.eclipse 1 0 2015-09-02 11:58:52.664
!MESSAGE [TestNGLaunchConfigurationDelegate] Launching:
  Classpath: D:\skrylova\tests\test-java-25-spkrylova\addressbook-selenium-tests\bin C:\Users\skrylova\Downloads\selenium-server-standalone-2.47.1.jar
  VMArgs:    -ea
  Class:     org.testng.remote.RemoteTestNG
  Args:      -serport 52908 -d D:\skrylova\tests\test-java-25-spkrylova\addressbook-selenium-tests\test-output C:\Users\skrylova\AppData\Local\Temp\testng-eclipse--503048537\testng-customsuite.xml
java -ea -classpath D:\skrylova\tests\test-java-25-spkrylova\addressbook-selenium-tests\bin:C:\Users\skrylova\Downloads\selenium-server-standalone-2.47.1.jar org.testng.remote.RemoteTestNG -serport 52908 -d D:\skrylova\tests\test-java-25-spkrylova\addressbook-selenium-tests\test-output C:\Users\skrylova\AppData\Local\Temp\testng-eclipse--503048537\testng-customsuite.xml

!ENTRY org.testng.eclipse 1 0 2015-09-02 11:59:19.082
!MESSAGE [TestNGLaunchShortcut] Examining Java element:[Working copy] ContactCreationTests.java [in com.example.tests [in src [in addressbook-selenium-tests]]]
  package com.example.tests
  import java.util.regex.Pattern
  import java.util.concurrent.TimeUnit
  import org.junit.*
  import org.junit.Assert.*
  import org.hamcrest.CoreMatchers.*
  import org.openqa.selenium.*
  import org.openqa.selenium.firefox.FirefoxDriver
  import org.openqa.selenium.support.ui.Select
  class ContactCreationTests
    WebDriver driver
    String baseUrl
    boolean acceptNextAlert
    StringBuffer verificationErrors
    void setUp()
    void testNonEmptyContactCreation()
    void testEmptyContactCreation()
    void openMainPage2()
    void submitContactCreation()
    void fillAddNewPage(String, String, String, String, String, String)
    void gotoAddNewPage()
    void tearDown()
    boolean isElementPresent(By)
    boolean isAlertPresent()
    String closeAlertAndGetItsText()

!ENTRY org.testng.eclipse 1 0 2015-09-02 11:59:19.165
!MESSAGE [TestNGLaunchConfigurationDelegate] Launching:
  Classpath: D:\skrylova\tests\test-java-25-spkrylova\addressbook-selenium-tests\bin C:\Users\skrylova\Downloads\selenium-server-standalone-2.47.1.jar
  VMArgs:    -ea
  Class:     org.testng.remote.RemoteTestNG
  Args:      -serport 52910 -d D:\skrylova\tests\test-java-25-spkrylova\addressbook-selenium-tests\test-output C:\Users\skrylova\AppData\Local\Temp\testng-eclipse-689885947\testng-customsuite.xml
java -ea -classpath D:\skrylova\tests\test-java-25-spkrylova\addressbook-selenium-tests\bin:C:\Users\skrylova\Downloads\selenium-server-standalone-2.47.1.jar org.testng.remote.RemoteTestNG -serport 52910 -d D:\skrylova\tests\test-java-25-spkrylova\addressbook-selenium-tests\test-output C:\Users\skrylova\AppData\Local\Temp\testng-eclipse-689885947\testng-customsuite.xml

!ENTRY org.testng.eclipse 1 0 2015-09-02 13:56:33.187
!MESSAGE [TestNGLaunchShortcut] Examining Java element:[Working copy] ContactCreationTests.java [in com.example.tests [in src [in addressbook-selenium-tests]]]
  package com.example.tests
  import java.util.regex.Pattern
  import java.util.concurrent.TimeUnit
  import org.hamcrest.CoreMatchers.*
  import org.openqa.selenium.*
  import org.openqa.selenium.firefox.FirefoxDriver
  import org.openqa.selenium.support.ui.Select
  import org.testng.annotations.AfterClass
  import org.testng.annotations.AfterTest
  import org.testng.annotations.BeforeClass
  import org.testng.annotations.BeforeTest
  import org.testng.annotations.Test
  class ContactCreationTests
    WebDriver driver
    String baseUrl
    boolean acceptNextAlert
    StringBuffer verificationErrors
    void setUp()
    void testNonEmptyContactCreation()
    void testEmptyContactCreation()
    void openMainPage2()
    void submitContactCreation()
    void fillAddNewPage(ContactData)
    void gotoAddNewPage()
    void tearDown()
    boolean isElementPresent(By)
    boolean isAlertPresent()
    String closeAlertAndGetItsText()

!ENTRY org.testng.eclipse 1 0 2015-09-02 13:58:08.605
!MESSAGE [TestNGLaunchShortcut] Examining Java element:[Working copy] ContactCreationTests.java [in com.example.tests [in src [in addressbook-selenium-tests]]]
  package com.example.tests
  import java.util.regex.Pattern
  import java.util.concurrent.TimeUnit
  import org.hamcrest.CoreMatchers.*
  import org.openqa.selenium.*
  import org.openqa.selenium.firefox.FirefoxDriver
  import org.openqa.selenium.support.ui.Select
  import org.testng.annotations.AfterClass
  import org.testng.annotations.AfterTest
  import org.testng.annotations.BeforeClass
  import org.testng.annotations.BeforeTest
  import org.testng.annotations.Test
  class ContactCreationTests
    WebDriver driver
    String baseUrl
    boolean acceptNextAlert
    StringBuffer verificationErrors
    void setUp()
    void testNonEmptyContactCreation()
    void testEmptyContactCreation()
    void openMainPage2()
    void submitContactCreation()
    void fillAddNewPage(ContactData)
    void gotoAddNewPage()
    void tearDown()
    boolean isElementPresent(By)
    boolean isAlertPresent()
    String closeAlertAndGetItsText()

!ENTRY org.testng.eclipse 1 0 2015-09-02 13:58:10.460
!MESSAGE [TestNGLaunchConfigurationDelegate] Launching:
  Classpath: D:\skrylova\tests\test-java-25-spkrylova\addressbook-selenium-tests\bin C:\Users\skrylova\Downloads\selenium-server-standalone-2.47.1.jar
  VMArgs:    -ea
  Class:     org.testng.remote.RemoteTestNG
  Args:      -serport 54171 -d D:\skrylova\tests\test-java-25-spkrylova\addressbook-selenium-tests\test-output C:\Users\skrylova\AppData\Local\Temp\testng-eclipse--104265384\testng-customsuite.xml
java -ea -classpath D:\skrylova\tests\test-java-25-spkrylova\addressbook-selenium-tests\bin:C:\Users\skrylova\Downloads\selenium-server-standalone-2.47.1.jar org.testng.remote.RemoteTestNG -serport 54171 -d D:\skrylova\tests\test-java-25-spkrylova\addressbook-selenium-tests\test-output C:\Users\skrylova\AppData\Local\Temp\testng-eclipse--104265384\testng-customsuite.xml

!ENTRY org.testng.eclipse 1 0 2015-09-02 14:07:28.407
!MESSAGE [TestNGLaunchShortcut] Examining Java element:[Working copy] ContactCreationTests.java [in com.example.tests [in src [in addressbook-selenium-tests]]]
  package com.example.tests
  import java.util.regex.Pattern
  import java.util.concurrent.TimeUnit
  import org.hamcrest.CoreMatchers.*
  import org.openqa.selenium.*
  import org.openqa.selenium.firefox.FirefoxDriver
  import org.openqa.selenium.support.ui.Select
  import org.testng.annotations.AfterClass
  import org.testng.annotations.AfterTest
  import org.testng.annotations.BeforeClass
  import org.testng.annotations.BeforeTest
  import org.testng.annotations.Test
  class ContactCreationTests
    WebDriver driver
    String baseUrl
    boolean acceptNextAlert
    StringBuffer verificationErrors
    void setUp()
    void testNonEmptyContactCreation()
    void testEmptyContactCreation()
    void openMainPage2()
    void submitContactCreation()
    void fillAddNewPage(ContactData)
    void gotoAddNewPage()
    void tearDown()
    boolean isElementPresent(By)
    boolean isAlertPresent()
    String closeAlertAndGetItsText()

!ENTRY org.testng.eclipse 1 0 2015-09-02 14:07:30.276
!MESSAGE [TestNGLaunchConfigurationDelegate] Launching:
  Classpath: D:\skrylova\tests\test-java-25-spkrylova\addressbook-selenium-tests\bin C:\Users\skrylova\Downloads\selenium-server-standalone-2.47.1.jar
  VMArgs:    -ea
  Class:     org.testng.remote.RemoteTestNG
  Args:      -serport 54286 -d D:\skrylova\tests\test-java-25-spkrylova\addressbook-selenium-tests\test-output C:\Users\skrylova\AppData\Local\Temp\testng-eclipse--575769966\testng-customsuite.xml
java -ea -classpath D:\skrylova\tests\test-java-25-spkrylova\addressbook-selenium-tests\bin:C:\Users\skrylova\Downloads\selenium-server-standalone-2.47.1.jar org.testng.remote.RemoteTestNG -serport 54286 -d D:\skrylova\tests\test-java-25-spkrylova\addressbook-selenium-tests\test-output C:\Users\skrylova\AppData\Local\Temp\testng-eclipse--575769966\testng-customsuite.xml

!ENTRY org.testng.eclipse 1 0 2015-09-02 14:33:02.587
!MESSAGE [TestNGLaunchShortcut] Examining Java element:[Working copy] GroupCreationTests.java [in com.example.tests [in src [in addressbook-selenium-tests]]]
  package com.example.tests
  import java.util.regex.Pattern
  import org.testng.annotations.Test
  class GroupCreationTests
    void testNonEmptyGroupCreation()
    void testEmptyGroupCreation()

!ENTRY org.testng.eclipse 1 0 2015-09-02 14:33:04.185
!MESSAGE [TestNGLaunchConfigurationDelegate] Launching:
  Classpath: D:\skrylova\tests\test-java-25-spkrylova\addressbook-selenium-tests\bin C:\Users\skrylova\Downloads\selenium-server-standalone-2.47.1.jar
  VMArgs:    -ea
  Class:     org.testng.remote.RemoteTestNG
  Args:      -serport 54463 -d D:\skrylova\tests\test-java-25-spkrylova\addressbook-selenium-tests\test-output C:\Users\skrylova\AppData\Local\Temp\testng-eclipse--1665388718\testng-customsuite.xml
java -ea -classpath D:\skrylova\tests\test-java-25-spkrylova\addressbook-selenium-tests\bin:C:\Users\skrylova\Downloads\selenium-server-standalone-2.47.1.jar org.testng.remote.RemoteTestNG -serport 54463 -d D:\skrylova\tests\test-java-25-spkrylova\addressbook-selenium-tests\test-output C:\Users\skrylova\AppData\Local\Temp\testng-eclipse--1665388718\testng-customsuite.xml

!ENTRY org.testng.eclipse 1 0 2015-09-02 14:34:34.584
!MESSAGE [TestNGLaunchShortcut] Examining Java element:[Working copy] GroupCreationTests.java [in com.example.tests [in src [in addressbook-selenium-tests]]]
  package com.example.tests
  import java.util.regex.Pattern
  import org.testng.annotations.Test
  class GroupCreationTests
    void testNonEmptyGroupCreation()
    void testEmptyGroupCreation()

!ENTRY org.testng.eclipse 1 0 2015-09-02 14:34:36.239
!MESSAGE [TestNGLaunchConfigurationDelegate] Launching:
  Classpath: D:\skrylova\tests\test-java-25-spkrylova\addressbook-selenium-tests\bin C:\Users\skrylova\Downloads\selenium-server-standalone-2.47.1.jar
  VMArgs:    -ea
  Class:     org.testng.remote.RemoteTestNG
  Args:      -serport 54510 -d D:\skrylova\tests\test-java-25-spkrylova\addressbook-selenium-tests\test-output C:\Users\skrylova\AppData\Local\Temp\testng-eclipse-1219228672\testng-customsuite.xml
java -ea -classpath D:\skrylova\tests\test-java-25-spkrylova\addressbook-selenium-tests\bin:C:\Users\skrylova\Downloads\selenium-server-standalone-2.47.1.jar org.testng.remote.RemoteTestNG -serport 54510 -d D:\skrylova\tests\test-java-25-spkrylova\addressbook-selenium-tests\test-output C:\Users\skrylova\AppData\Local\Temp\testng-eclipse-1219228672\testng-customsuite.xml

!ENTRY org.testng.eclipse 1 0 2015-09-02 14:35:56.600
!MESSAGE [TestNGLaunchShortcut] Examining Java element:[Working copy] ContactCreationTests.java [in com.example.tests [in src [in addressbook-selenium-tests]]]
  package com.example.tests
  import java.util.regex.Pattern
  import java.util.concurrent.TimeUnit
  import org.hamcrest.CoreMatchers.*
  import org.openqa.selenium.*
  import org.openqa.selenium.firefox.FirefoxDriver
  import org.openqa.selenium.support.ui.Select
  import org.testng.annotations.AfterClass
  import org.testng.annotations.AfterTest
  import org.testng.annotations.BeforeClass
  import org.testng.annotations.BeforeTest
  import org.testng.annotations.Test
  class ContactCreationTests
    WebDriver driver
    String baseUrl
    boolean acceptNextAlert
    StringBuffer verificationErrors
    void setUp()
    void testNonEmptyContactCreation()
    void testEmptyContactCreation()
    void openMainPage2()
    void submitContactCreation()
    void fillAddNewPage(ContactData)
    void gotoAddNewPage()
    void tearDown()
    boolean isElementPresent(By)
    boolean isAlertPresent()
    String closeAlertAndGetItsText()

!ENTRY org.testng.eclipse 1 0 2015-09-02 14:35:56.685
!MESSAGE [TestNGLaunchConfigurationDelegate] Launching:
  Classpath: D:\skrylova\tests\test-java-25-spkrylova\addressbook-selenium-tests\bin C:\Users\skrylova\Downloads\selenium-server-standalone-2.47.1.jar
  VMArgs:    -ea
  Class:     org.testng.remote.RemoteTestNG
  Args:      -serport 54590 -d D:\skrylova\tests\test-java-25-spkrylova\addressbook-selenium-tests\test-output C:\Users\skrylova\AppData\Local\Temp\testng-eclipse--1075105640\testng-customsuite.xml
java -ea -classpath D:\skrylova\tests\test-java-25-spkrylova\addressbook-selenium-tests\bin:C:\Users\skrylova\Downloads\selenium-server-standalone-2.47.1.jar org.testng.remote.RemoteTestNG -serport 54590 -d D:\skrylova\tests\test-java-25-spkrylova\addressbook-selenium-tests\test-output C:\Users\skrylova\AppData\Local\Temp\testng-eclipse--1075105640\testng-customsuite.xml

!ENTRY org.testng.eclipse 1 0 2015-09-02 14:40:13.527
!MESSAGE [TestNGLaunchShortcut] Examining Java element:[Working copy] ContactCreationTests.java [in com.example.tests [in src [in addressbook-selenium-tests]]]
  package com.example.tests
  import java.util.regex.Pattern
  import java.util.concurrent.TimeUnit
  import org.hamcrest.CoreMatchers.*
  import org.openqa.selenium.*
  import org.openqa.selenium.firefox.FirefoxDriver
  import org.openqa.selenium.support.ui.Select
  import org.testng.annotations.AfterClass
  import org.testng.annotations.AfterTest
  import org.testng.annotations.BeforeClass
  import org.testng.annotations.BeforeTest
  import org.testng.annotations.Test
  class ContactCreationTests
    WebDriver driver
    String baseUrl
    boolean acceptNextAlert
    StringBuffer verificationErrors
    void setUp()
    void testNonEmptyContactCreation()
    void testEmptyContactCreation()
    void openMainPage2()
    void submitContactCreation()
    void fillAddNewPage(ContactData)
    void gotoAddNewPage()
    void tearDown()
    boolean isElementPresent(By)
    boolean isAlertPresent()
    String closeAlertAndGetItsText()

!ENTRY org.testng.eclipse 1 0 2015-09-02 14:40:15.000
!MESSAGE [TestNGLaunchConfigurationDelegate] Launching:
  Classpath: D:\skrylova\tests\test-java-25-spkrylova\addressbook-selenium-tests\bin C:\Users\skrylova\Downloads\selenium-server-standalone-2.47.1.jar
  VMArgs:    -ea
  Class:     org.testng.remote.RemoteTestNG
  Args:      -serport 54655 -d D:\skrylova\tests\test-java-25-spkrylova\addressbook-selenium-tests\test-output C:\Users\skrylova\AppData\Local\Temp\testng-eclipse-1684281179\testng-customsuite.xml
java -ea -classpath D:\skrylova\tests\test-java-25-spkrylova\addressbook-selenium-tests\bin:C:\Users\skrylova\Downloads\selenium-server-standalone-2.47.1.jar org.testng.remote.RemoteTestNG -serport 54655 -d D:\skrylova\tests\test-java-25-spkrylova\addressbook-selenium-tests\test-output C:\Users\skrylova\AppData\Local\Temp\testng-eclipse-1684281179\testng-customsuite.xml

!ENTRY org.testng.eclipse 1 0 2015-09-02 14:41:45.483
!MESSAGE [TestNGLaunchShortcut] Examining Java element:[Working copy] ContactCreationTests.java [in com.example.tests [in src [in addressbook-selenium-tests]]]
  package com.example.tests
  import java.util.regex.Pattern
  import java.util.concurrent.TimeUnit
  import org.hamcrest.CoreMatchers.*
  import org.openqa.selenium.*
  import org.openqa.selenium.firefox.FirefoxDriver
  import org.openqa.selenium.support.ui.Select
  import org.testng.annotations.AfterClass
  import org.testng.annotations.AfterTest
  import org.testng.annotations.BeforeClass
  import org.testng.annotations.BeforeTest
  import org.testng.annotations.Test
  class ContactCreationTests
    WebDriver driver
    String baseUrl
    boolean acceptNextAlert
    StringBuffer verificationErrors
    void setUp()
    void testNonEmptyContactCreation()
    void testEmptyContactCreation()
    void openMainPage2()
    void submitContactCreation()
    void fillAddNewPage(ContactData)
    void gotoAddNewPage()
    void tearDown()
    boolean isElementPresent(By)
    boolean isAlertPresent()
    String closeAlertAndGetItsText()

!ENTRY org.testng.eclipse 1 0 2015-09-02 14:41:45.529
!MESSAGE [TestNGLaunchConfigurationDelegate] Launching:
  Classpath: D:\skrylova\tests\test-java-25-spkrylova\addressbook-selenium-tests\bin C:\Users\skrylova\Downloads\selenium-server-standalone-2.47.1.jar
  VMArgs:    -ea
  Class:     org.testng.remote.RemoteTestNG
  Args:      -serport 54690 -d D:\skrylova\tests\test-java-25-spkrylova\addressbook-selenium-tests\test-output C:\Users\skrylova\AppData\Local\Temp\testng-eclipse-149022509\testng-customsuite.xml
java -ea -classpath D:\skrylova\tests\test-java-25-spkrylova\addressbook-selenium-tests\bin:C:\Users\skrylova\Downloads\selenium-server-standalone-2.47.1.jar org.testng.remote.RemoteTestNG -serport 54690 -d D:\skrylova\tests\test-java-25-spkrylova\addressbook-selenium-tests\test-output C:\Users\skrylova\AppData\Local\Temp\testng-eclipse-149022509\testng-customsuite.xml

!ENTRY org.testng.eclipse 1 0 2015-09-02 14:46:10.283
!MESSAGE [TestNGLaunchShortcut] Examining Java element:[Working copy] ContactCreationTests.java [in com.example.tests [in src [in addressbook-selenium-tests]]]
  package com.example.tests
  import java.util.regex.Pattern
  import java.util.concurrent.TimeUnit
  import org.hamcrest.CoreMatchers.*
  import org.openqa.selenium.*
  import org.openqa.selenium.firefox.FirefoxDriver
  import org.openqa.selenium.support.ui.Select
  import org.testng.annotations.AfterClass
  import org.testng.annotations.AfterTest
  import org.testng.annotations.BeforeClass
  import org.testng.annotations.BeforeTest
  import org.testng.annotations.Test
  class ContactCreationTests
    WebDriver driver
    String baseUrl
    boolean acceptNextAlert
    StringBuffer verificationErrors
    void setUp()
    void testNonEmptyContactCreation()
    void testEmptyContactCreation()
    void openMainPage2()
    void submitContactCreation()
    void fillAddNewPage(ContactData)
    void gotoAddNewPage()
    void tearDown()
    boolean isElementPresent(By)
    boolean isAlertPresent()
    String closeAlertAndGetItsText()

!ENTRY org.testng.eclipse 1 0 2015-09-02 14:46:12.033
!MESSAGE [TestNGLaunchConfigurationDelegate] Launching:
  Classpath: D:\skrylova\tests\test-java-25-spkrylova\addressbook-selenium-tests\bin C:\Users\skrylova\Downloads\selenium-server-standalone-2.47.1.jar
  VMArgs:    -ea
  Class:     org.testng.remote.RemoteTestNG
  Args:      -serport 54706 -d D:\skrylova\tests\test-java-25-spkrylova\addressbook-selenium-tests\test-output C:\Users\skrylova\AppData\Local\Temp\testng-eclipse--1686443759\testng-customsuite.xml
java -ea -classpath D:\skrylova\tests\test-java-25-spkrylova\addressbook-selenium-tests\bin:C:\Users\skrylova\Downloads\selenium-server-standalone-2.47.1.jar org.testng.remote.RemoteTestNG -serport 54706 -d D:\skrylova\tests\test-java-25-spkrylova\addressbook-selenium-tests\test-output C:\Users\skrylova\AppData\Local\Temp\testng-eclipse--1686443759\testng-customsuite.xml

!ENTRY org.testng.eclipse 1 0 2015-09-02 15:39:11.557
!MESSAGE [TestNGLaunchShortcut] Examining Java element:[Working copy] ContactCreationTests.java [in com.example.tests [in src [in addressbook-selenium-tests]]]
  package com.example.tests
  import java.util.regex.Pattern
  import org.hamcrest.CoreMatchers.*
  import org.openqa.selenium.*
  import org.testng.annotations.AfterTest
  import org.testng.annotations.BeforeTest
  import org.testng.annotations.Test
  class ContactCreationTests
    void testNonEmptyContactCreation()
    void testEmptyContactCreation()

!ENTRY org.testng.eclipse 1 0 2015-09-02 15:39:13.891
!MESSAGE [TestNGLaunchConfigurationDelegate] Launching:
  Classpath: D:\skrylova\tests\test-java-25-spkrylova\addressbook-selenium-tests\bin C:\Users\skrylova\Downloads\selenium-server-standalone-2.47.1.jar
  VMArgs:    -ea
  Class:     org.testng.remote.RemoteTestNG
  Args:      -serport 54980 -d D:\skrylova\tests\test-java-25-spkrylova\addressbook-selenium-tests\test-output C:\Users\skrylova\AppData\Local\Temp\testng-eclipse-58050667\testng-customsuite.xml
java -ea -classpath D:\skrylova\tests\test-java-25-spkrylova\addressbook-selenium-tests\bin:C:\Users\skrylova\Downloads\selenium-server-standalone-2.47.1.jar org.testng.remote.RemoteTestNG -serport 54980 -d D:\skrylova\tests\test-java-25-spkrylova\addressbook-selenium-tests\test-output C:\Users\skrylova\AppData\Local\Temp\testng-eclipse-58050667\testng-customsuite.xml

!ENTRY org.testng.eclipse 1 0 2015-09-02 15:39:40.222
!MESSAGE [TestNGLaunchShortcut] Examining Java element:[Working copy] GroupCreationTests.java [in com.example.tests [in src [in addressbook-selenium-tests]]]
  package com.example.tests
  import java.util.regex.Pattern
  import org.testng.annotations.Test
  class GroupCreationTests
    void testNonEmptyGroupCreation()
    void testEmptyGroupCreation()

!ENTRY org.testng.eclipse 1 0 2015-09-02 15:39:40.320
!MESSAGE [TestNGLaunchConfigurationDelegate] Launching:
  Classpath: D:\skrylova\tests\test-java-25-spkrylova\addressbook-selenium-tests\bin C:\Users\skrylova\Downloads\selenium-server-standalone-2.47.1.jar
  VMArgs:    -ea
  Class:     org.testng.remote.RemoteTestNG
  Args:      -serport 55082 -d D:\skrylova\tests\test-java-25-spkrylova\addressbook-selenium-tests\test-output C:\Users\skrylova\AppData\Local\Temp\testng-eclipse--2037245871\testng-customsuite.xml
java -ea -classpath D:\skrylova\tests\test-java-25-spkrylova\addressbook-selenium-tests\bin:C:\Users\skrylova\Downloads\selenium-server-standalone-2.47.1.jar org.testng.remote.RemoteTestNG -serport 55082 -d D:\skrylova\tests\test-java-25-spkrylova\addressbook-selenium-tests\test-output C:\Users\skrylova\AppData\Local\Temp\testng-eclipse--2037245871\testng-customsuite.xml

!ENTRY org.testng.eclipse 1 0 2015-09-02 15:41:42.114
!MESSAGE [TestNGLaunchShortcut] Examining Java element:[Working copy] ContactCreationTests.java [in com.example.tests [in src [in addressbook-selenium-tests]]]
  package com.example.tests
  import org.testng.annotations.Test
  class ContactCreationTests
    void testNonEmptyContactCreation()
    void testEmptyContactCreation()

!ENTRY org.testng.eclipse 1 0 2015-09-02 15:41:43.382
!MESSAGE [TestNGLaunchConfigurationDelegate] Launching:
  Classpath: D:\skrylova\tests\test-java-25-spkrylova\addressbook-selenium-tests\bin C:\Users\skrylova\Downloads\selenium-server-standalone-2.47.1.jar
  VMArgs:    -ea
  Class:     org.testng.remote.RemoteTestNG
  Args:      -serport 55166 -d D:\skrylova\tests\test-java-25-spkrylova\addressbook-selenium-tests\test-output C:\Users\skrylova\AppData\Local\Temp\testng-eclipse-32904071\testng-customsuite.xml
java -ea -classpath D:\skrylova\tests\test-java-25-spkrylova\addressbook-selenium-tests\bin:C:\Users\skrylova\Downloads\selenium-server-standalone-2.47.1.jar org.testng.remote.RemoteTestNG -serport 55166 -d D:\skrylova\tests\test-java-25-spkrylova\addressbook-selenium-tests\test-output C:\Users\skrylova\AppData\Local\Temp\testng-eclipse-32904071\testng-customsuite.xml

!ENTRY org.testng.eclipse 1 0 2015-09-02 15:42:22.427
!MESSAGE [TestNGLaunchShortcut] Examining Java element:[Working copy] ContactCreationTests.java [in com.example.tests [in src [in addressbook-selenium-tests]]]
  package com.example.tests
  import org.testng.annotations.Test
  class ContactCreationTests
    void testNonEmptyContactCreation()
    void testEmptyContactCreation()

!ENTRY org.testng.eclipse 1 0 2015-09-02 15:42:31.251
!MESSAGE [TestNGLaunchConfigurationDelegate] Launching:
  Classpath: D:\skrylova\tests\test-java-25-spkrylova\addressbook-selenium-tests\bin C:\Users\skrylova\Downloads\selenium-server-standalone-2.47.1.jar
  VMArgs:    -ea
  Class:     org.testng.remote.RemoteTestNG
  Args:      -serport 55268 -d D:\skrylova\tests\test-java-25-spkrylova\addressbook-selenium-tests\test-output C:\Users\skrylova\AppData\Local\Temp\testng-eclipse--1550524832\testng-customsuite.xml
java -ea -classpath D:\skrylova\tests\test-java-25-spkrylova\addressbook-selenium-tests\bin:C:\Users\skrylova\Downloads\selenium-server-standalone-2.47.1.jar org.testng.remote.RemoteTestNG -serport 55268 -d D:\skrylova\tests\test-java-25-spkrylova\addressbook-selenium-tests\test-output C:\Users\skrylova\AppData\Local\Temp\testng-eclipse--1550524832\testng-customsuite.xml

!ENTRY org.testng.eclipse 1 0 2015-09-02 15:43:21.213
!MESSAGE [TestNGLaunchShortcut] Examining Java element:[Working copy] ContactCreationTests.java [in com.example.tests [in src [in addressbook-selenium-tests]]]
  package com.example.tests
  import org.testng.annotations.Test
  class ContactCreationTests
    void testNonEmptyContactCreation()
    void testEmptyContactCreation()

!ENTRY org.testng.eclipse 1 0 2015-09-02 15:43:22.762
!MESSAGE [TestNGLaunchConfigurationDelegate] Launching:
  Classpath: D:\skrylova\tests\test-java-25-spkrylova\addressbook-selenium-tests\bin C:\Users\skrylova\Downloads\selenium-server-standalone-2.47.1.jar
  VMArgs:    -ea
  Class:     org.testng.remote.RemoteTestNG
  Args:      -serport 55370 -d D:\skrylova\tests\test-java-25-spkrylova\addressbook-selenium-tests\test-output C:\Users\skrylova\AppData\Local\Temp\testng-eclipse--1539074310\testng-customsuite.xml
java -ea -classpath D:\skrylova\tests\test-java-25-spkrylova\addressbook-selenium-tests\bin:C:\Users\skrylova\Downloads\selenium-server-standalone-2.47.1.jar org.testng.remote.RemoteTestNG -serport 55370 -d D:\skrylova\tests\test-java-25-spkrylova\addressbook-selenium-tests\test-output C:\Users\skrylova\AppData\Local\Temp\testng-eclipse--1539074310\testng-customsuite.xml

!ENTRY org.testng.eclipse 1 0 2015-09-02 15:48:15.823
!MESSAGE [TestNGLaunchShortcut] Examining Java element:[Working copy] ContactCreationTests.java [in com.example.tests [in src [in addressbook-selenium-tests]]]
  package com.example.tests
  import org.testng.annotations.Test
  class ContactCreationTests
    void testNonEmptyContactCreation()
    void testEmptyContactCreation()

!ENTRY org.testng.eclipse 1 0 2015-09-02 15:48:17.241
!MESSAGE [TestNGLaunchConfigurationDelegate] Launching:
  Classpath: D:\skrylova\tests\test-java-25-spkrylova\addressbook-selenium-tests\bin C:\Users\skrylova\Downloads\selenium-server-standalone-2.47.1.jar
  VMArgs:    -ea
  Class:     org.testng.remote.RemoteTestNG
  Args:      -serport 55388 -d D:\skrylova\tests\test-java-25-spkrylova\addressbook-selenium-tests\test-output C:\Users\skrylova\AppData\Local\Temp\testng-eclipse-1135344298\testng-customsuite.xml
java -ea -classpath D:\skrylova\tests\test-java-25-spkrylova\addressbook-selenium-tests\bin:C:\Users\skrylova\Downloads\selenium-server-standalone-2.47.1.jar org.testng.remote.RemoteTestNG -serport 55388 -d D:\skrylova\tests\test-java-25-spkrylova\addressbook-selenium-tests\test-output C:\Users\skrylova\AppData\Local\Temp\testng-eclipse-1135344298\testng-customsuite.xml

!ENTRY org.testng.eclipse 1 0 2015-09-02 15:51:31.117
!MESSAGE [TestNGLaunchShortcut] Examining Java element:[Working copy] ContactCreationTests.java [in com.example.tests [in src [in addressbook-selenium-tests]]]
  package com.example.tests
  import org.testng.annotations.Test
  class ContactCreationTests
    void testNonEmptyContactCreation()
    void testEmptyContactCreation()

!ENTRY org.testng.eclipse 1 0 2015-09-02 15:51:49.134
!MESSAGE [TestNGLaunchShortcut] Examining Java element:[Working copy] ContactCreationTests.java [in com.example.tests [in src [in addressbook-selenium-tests]]]
  package com.example.tests
  import org.testng.annotations.Test
  class ContactCreationTests
    void testNonEmptyContactCreation()
    void testEmptyContactCreation()

!ENTRY org.testng.eclipse 1 0 2015-09-02 15:51:50.353
!MESSAGE [TestNGLaunchConfigurationDelegate] Launching:
  Classpath: D:\skrylova\tests\test-java-25-spkrylova\addressbook-selenium-tests\bin C:\Users\skrylova\Downloads\selenium-server-standalone-2.47.1.jar
  VMArgs:    -ea
  Class:     org.testng.remote.RemoteTestNG
  Args:      -serport 55406 -d D:\skrylova\tests\test-java-25-spkrylova\addressbook-selenium-tests\test-output C:\Users\skrylova\AppData\Local\Temp\testng-eclipse-833222822\testng-customsuite.xml
java -ea -classpath D:\skrylova\tests\test-java-25-spkrylova\addressbook-selenium-tests\bin:C:\Users\skrylova\Downloads\selenium-server-standalone-2.47.1.jar org.testng.remote.RemoteTestNG -serport 55406 -d D:\skrylova\tests\test-java-25-spkrylova\addressbook-selenium-tests\test-output C:\Users\skrylova\AppData\Local\Temp\testng-eclipse-833222822\testng-customsuite.xml

!ENTRY org.testng.eclipse 1 0 2015-09-02 15:55:07.242
!MESSAGE [TestNGLaunchShortcut] Examining Java element:[Working copy] ContactCreationTests.java [in com.example.tests [in src [in addressbook-selenium-tests]]]
  package com.example.tests
  import org.testng.annotations.Test
  class ContactCreationTests
    void testEmptyContactCreation()

!ENTRY org.testng.eclipse 1 0 2015-09-02 15:55:08.603
!MESSAGE [TestNGLaunchConfigurationDelegate] Launching:
  Classpath: D:\skrylova\tests\test-java-25-spkrylova\addressbook-selenium-tests\bin C:\Users\skrylova\Downloads\selenium-server-standalone-2.47.1.jar
  VMArgs:    -ea
  Class:     org.testng.remote.RemoteTestNG
  Args:      -serport 55447 -d D:\skrylova\tests\test-java-25-spkrylova\addressbook-selenium-tests\test-output C:\Users\skrylova\AppData\Local\Temp\testng-eclipse-549140740\testng-customsuite.xml
java -ea -classpath D:\skrylova\tests\test-java-25-spkrylova\addressbook-selenium-tests\bin:C:\Users\skrylova\Downloads\selenium-server-standalone-2.47.1.jar org.testng.remote.RemoteTestNG -serport 55447 -d D:\skrylova\tests\test-java-25-spkrylova\addressbook-selenium-tests\test-output C:\Users\skrylova\AppData\Local\Temp\testng-eclipse-549140740\testng-customsuite.xml

!ENTRY org.testng.eclipse 1 0 2015-09-02 16:05:09.198
!MESSAGE [TestNGLaunchShortcut] Examining Java element:[Working copy] ContactCreationTests.java [in com.example.tests [in src [in addressbook-selenium-tests]]]
  package com.example.tests
  import org.testng.annotations.Test
  class ContactCreationTests
    void testEmptyContactCreation()

!ENTRY org.testng.eclipse 1 0 2015-09-02 16:05:22.852
!MESSAGE [TestNGLaunchConfigurationDelegate] Launching:
  Classpath: D:\skrylova\tests\test-java-25-spkrylova\addressbook-selenium-tests\bin C:\Users\skrylova\Downloads\selenium-server-standalone-2.47.1.jar
  VMArgs:    -ea
  Class:     org.testng.remote.RemoteTestNG
  Args:      -serport 55473 -d D:\skrylova\tests\test-java-25-spkrylova\addressbook-selenium-tests\test-output C:\Users\skrylova\AppData\Local\Temp\testng-eclipse--368980694\testng-customsuite.xml
java -ea -classpath D:\skrylova\tests\test-java-25-spkrylova\addressbook-selenium-tests\bin:C:\Users\skrylova\Downloads\selenium-server-standalone-2.47.1.jar org.testng.remote.RemoteTestNG -serport 55473 -d D:\skrylova\tests\test-java-25-spkrylova\addressbook-selenium-tests\test-output C:\Users\skrylova\AppData\Local\Temp\testng-eclipse--368980694\testng-customsuite.xml

!ENTRY org.testng.eclipse 1 0 2015-09-02 16:06:50.376
!MESSAGE [TestNGLaunchShortcut] Examining Java element:[Working copy] ContactCreationTests.java [in com.example.tests [in src [in addressbook-selenium-tests]]]
  package com.example.tests
  import org.testng.annotations.Test
  class ContactCreationTests
    void testNonEmptyContactCreation()
    void testEmptyContactCreation()

!ENTRY org.testng.eclipse 1 0 2015-09-02 16:07:16.920
!MESSAGE [TestNGLaunchShortcut] Examining Java element:[Working copy] ContactCreationTests.java [in com.example.tests [in src [in addressbook-selenium-tests]]]
  package com.example.tests
  import org.testng.annotations.Test
  class ContactCreationTests
    void testNonEmptyContactCreation()
    void testEmptyContactCreation()

!ENTRY org.testng.eclipse 1 0 2015-09-02 16:07:18.591
!MESSAGE [TestNGLaunchConfigurationDelegate] Launching:
  Classpath: D:\skrylova\tests\test-java-25-spkrylova\addressbook-selenium-tests\bin C:\Users\skrylova\Downloads\selenium-server-standalone-2.47.1.jar
  VMArgs:    -ea
  Class:     org.testng.remote.RemoteTestNG
  Args:      -serport 55534 -d D:\skrylova\tests\test-java-25-spkrylova\addressbook-selenium-tests\test-output C:\Users\skrylova\AppData\Local\Temp\testng-eclipse-120990190\testng-customsuite.xml
java -ea -classpath D:\skrylova\tests\test-java-25-spkrylova\addressbook-selenium-tests\bin:C:\Users\skrylova\Downloads\selenium-server-standalone-2.47.1.jar org.testng.remote.RemoteTestNG -serport 55534 -d D:\skrylova\tests\test-java-25-spkrylova\addressbook-selenium-tests\test-output C:\Users\skrylova\AppData\Local\Temp\testng-eclipse-120990190\testng-customsuite.xml

!ENTRY org.testng.eclipse 1 0 2015-09-02 16:27:53.398
!MESSAGE [TestNGLaunchShortcut] Examining Java element:com.example.tests [in src [in addressbook-selenium-tests]]
  [Working copy] TestBase.java
    package com.example.tests
    import org.junit.Assert.fail
    import java.util.concurrent.TimeUnit
    import org.openqa.selenium.Alert
    import org.openqa.selenium.By
    import org.openqa.selenium.NoAlertPresentException
    import org.openqa.selenium.NoSuchElementException
    import org.openqa.selenium.WebDriver
    import org.openqa.selenium.firefox.FirefoxDriver
    import org.openqa.selenium.support.ui.Select
    import org.testng.annotations.AfterClass
    import org.testng.annotations.AfterTest
    import org.testng.annotations.BeforeClass
    import org.testng.annotations.BeforeTest
    class TestBase
      WebDriver driver
      String baseUrl
      boolean acceptNextAlert
      StringBuffer verificationErrors
      void submitContactCreation()
      void setUp()
      void tearDown()
      void returnToGroupsPage()
      void submitGroupCreation()
      void fillGroupForm(GroupData)
      void initGroupCreation()
      void gotoGroupsPage()
      void openMainPage()
      void openMainPage2()
      boolean isElementPresent(By)
      String closeAlertAndGetItsText()
      void fillAddNewPage(ContactData)
      void gotoAddNewPage()
      boolean isAlertPresent()
  [Working copy] GroupCreationTests.java
    package com.example.tests
    import java.util.regex.Pattern
    import org.testng.annotations.Test
    class GroupCreationTests
      void testNonEmptyGroupCreation()
      void testEmptyGroupCreation()
  [Working copy] ContactCreationTests.java
    package com.example.tests
    import org.testng.annotations.Test
    class ContactCreationTests
      void testNonEmptyContactCreation()
      void testEmptyContactCreation()
  [Working copy] GroupData.java
    package com.example.tests
    class GroupData
      String name
      String header
      String footer
      GroupData()
      GroupData(String, String, String)
  [Working copy] AlsoGroupCreationTests.java
    package com.example.tests
    import java.util.regex.Pattern
    import java.util.concurrent.TimeUnit
    import org.junit.Assert.*
    import org.hamcrest.CoreMatchers.*
    import org.openqa.selenium.*
    import org.openqa.selenium.firefox.FirefoxDriver
    import org.openqa.selenium.support.ui.Select
    import org.testng.annotations.AfterClass
    import org.testng.annotations.BeforeClass
    import org.testng.annotations.Test
    class AlsoGroupCreationTests
      void testNonEmptyGroupCreation()
      void testEmptyGroupCreation()
  [Working copy] ContactData.java
    package com.example.tests
    class ContactData
      String lastname
      String firstname
      String mobile
      String bday_day
      String bday_month
      String bday_year
      ContactData()
      ContactData(String, String, String, String, String, String)

!ENTRY org.testng.eclipse 1 0 2015-09-02 16:27:53.515
!MESSAGE [TestNGLaunchConfigurationDelegate] Launching:
  Classpath: D:\skrylova\tests\test-java-25-spkrylova\addressbook-selenium-tests\bin C:\Users\skrylova\Downloads\selenium-server-standalone-2.47.1.jar
  VMArgs:    -ea
  Class:     org.testng.remote.RemoteTestNG
  Args:      -serport 55663 -d D:\skrylova\tests\test-java-25-spkrylova\addressbook-selenium-tests\test-output C:\Users\skrylova\AppData\Local\Temp\testng-eclipse-673647786\testng-customsuite.xml
java -ea -classpath D:\skrylova\tests\test-java-25-spkrylova\addressbook-selenium-tests\bin:C:\Users\skrylova\Downloads\selenium-server-standalone-2.47.1.jar org.testng.remote.RemoteTestNG -serport 55663 -d D:\skrylova\tests\test-java-25-spkrylova\addressbook-selenium-tests\test-output C:\Users\skrylova\AppData\Local\Temp\testng-eclipse-673647786\testng-customsuite.xml

!ENTRY org.testng.eclipse 1 0 2015-09-02 16:35:00.378
!MESSAGE [TestNGLaunchShortcut] Examining Java element:com.example.tests [in src [in addressbook-selenium-tests]]
  [Working copy] TestBase.java
    package com.example.tests
    import org.junit.Assert.fail
    import java.util.concurrent.TimeUnit
    import org.openqa.selenium.Alert
    import org.openqa.selenium.By
    import org.openqa.selenium.NoAlertPresentException
    import org.openqa.selenium.NoSuchElementException
    import org.openqa.selenium.WebDriver
    import org.openqa.selenium.firefox.FirefoxDriver
    import org.openqa.selenium.support.ui.Select
    import org.testng.annotations.AfterClass
    import org.testng.annotations.AfterTest
    import org.testng.annotations.BeforeClass
    import org.testng.annotations.BeforeTest
    class TestBase
      WebDriver driver
      String baseUrl
      boolean acceptNextAlert
      StringBuffer verificationErrors
      void submitContactCreation()
      void setUp()
      void tearDown()
      void returnToGroupsPage()
      void submitGroupCreation()
      void fillGroupForm(GroupData)
      void initGroupCreation()
      void gotoGroupsPage()
      void openMainPage()
      void openMainPage2()
      boolean isElementPresent(By)
      String closeAlertAndGetItsText()
      void fillAddNewPage(ContactData)
      void gotoAddNewPage()
      boolean isAlertPresent()
  [Working copy] GroupCreationTests.java
    package com.example.tests
    import java.util.regex.Pattern
    import org.testng.annotations.Test
    class GroupCreationTests
      void testNonEmptyGroupCreation()
      void testEmptyGroupCreation()
  [Working copy] ContactCreationTests.java
    package com.example.tests
    import org.testng.annotations.Test
    class ContactCreationTests
      void testNonEmptyContactCreation()
      void testEmptyContactCreation()
  [Working copy] GroupData.java
    package com.example.tests
    class GroupData
      String name
      String header
      String footer
      GroupData()
      GroupData(String, String, String)
  [Working copy] AlsoGroupCreationTests.java
    package com.example.tests
    import java.util.regex.Pattern
    import java.util.concurrent.TimeUnit
    import org.junit.Assert.*
    import org.hamcrest.CoreMatchers.*
    import org.openqa.selenium.*
    import org.openqa.selenium.firefox.FirefoxDriver
    import org.openqa.selenium.support.ui.Select
    import org.testng.annotations.AfterClass
    import org.testng.annotations.BeforeClass
    import org.testng.annotations.Test
    class AlsoGroupCreationTests
      void testNonEmptyGroupCreation()
      void testEmptyGroupCreation()
  [Working copy] ContactData.java
    package com.example.tests
    class ContactData
      String lastname
      String firstname
      String mobile
      String bday_day
      String bday_month
      String bday_year
      ContactData()
      ContactData(String, String, String, String, String, String)

!ENTRY org.testng.eclipse 1 0 2015-09-02 16:35:00.513
!MESSAGE [TestNGLaunchConfigurationDelegate] Launching:
  Classpath: D:\skrylova\tests\test-java-25-spkrylova\addressbook-selenium-tests\bin C:\Users\skrylova\Downloads\selenium-server-standalone-2.47.1.jar
  VMArgs:    -ea
  Class:     org.testng.remote.RemoteTestNG
  Args:      -serport 55988 -d D:\skrylova\tests\test-java-25-spkrylova\addressbook-selenium-tests\test-output C:\Users\skrylova\AppData\Local\Temp\testng-eclipse--313264912\testng-customsuite.xml
java -ea -classpath D:\skrylova\tests\test-java-25-spkrylova\addressbook-selenium-tests\bin:C:\Users\skrylova\Downloads\selenium-server-standalone-2.47.1.jar org.testng.remote.RemoteTestNG -serport 55988 -d D:\skrylova\tests\test-java-25-spkrylova\addressbook-selenium-tests\test-output C:\Users\skrylova\AppData\Local\Temp\testng-eclipse--313264912\testng-customsuite.xml

!ENTRY org.testng.eclipse 1 0 2015-09-02 16:39:33.266
!MESSAGE [TestNGLaunchShortcut] Examining Java element:com.example.tests [in src [in addressbook-selenium-tests]]
  [Working copy] TestBase.java
    package com.example.tests
    import org.junit.Assert.fail
    import java.util.concurrent.TimeUnit
    import org.openqa.selenium.Alert
    import org.openqa.selenium.By
    import org.openqa.selenium.NoAlertPresentException
    import org.openqa.selenium.NoSuchElementException
    import org.openqa.selenium.WebDriver
    import org.openqa.selenium.firefox.FirefoxDriver
    import org.openqa.selenium.support.ui.Select
    import org.testng.annotations.AfterClass
    import org.testng.annotations.AfterTest
    import org.testng.annotations.BeforeClass
    import org.testng.annotations.BeforeTest
    class TestBase
      WebDriver driver
      String baseUrl
      boolean acceptNextAlert
      StringBuffer verificationErrors
      void submitContactCreation()
      void setUp()
      void tearDown()
      void returnToGroupsPage()
      void submitGroupCreation()
      void fillGroupForm(GroupData)
      void initGroupCreation()
      void gotoGroupsPage()
      void openMainPage()
      void openMainPage2()
      boolean isElementPresent(By)
      String closeAlertAndGetItsText()
      void fillAddNewPage(ContactData)
      void gotoAddNewPage()
      boolean isAlertPresent()
  [Working copy] GroupCreationTests.java
    package com.example.tests
    import java.util.regex.Pattern
    import org.testng.annotations.Test
    class GroupCreationTests
      void testNonEmptyGroupCreation()
      void testEmptyGroupCreation()
  [Working copy] ContactCreationTests.java
    package com.example.tests
    import org.testng.annotations.Test
    class ContactCreationTests
      void testNonEmptyContactCreation()
      void testEmptyContactCreation()
  [Working copy] GroupData.java
    package com.example.tests
    class GroupData
      String name
      String header
      String footer
      GroupData()
      GroupData(String, String, String)
  [Working copy] AlsoGroupCreationTests.java
    package com.example.tests
    import java.util.regex.Pattern
    import java.util.concurrent.TimeUnit
    import org.junit.Assert.*
    import org.hamcrest.CoreMatchers.*
    import org.openqa.selenium.*
    import org.openqa.selenium.firefox.FirefoxDriver
    import org.openqa.selenium.support.ui.Select
    import org.testng.annotations.AfterClass
    import org.testng.annotations.BeforeClass
    import org.testng.annotations.Test
    class AlsoGroupCreationTests
      void testNonEmptyGroupCreation()
      void testEmptyGroupCreation()
  [Working copy] ContactData.java
    package com.example.tests
    class ContactData
      String lastname
      String firstname
      String mobile
      String bday_day
      String bday_month
      String bday_year
      ContactData()
      ContactData(String, String, String, String, String, String)

!ENTRY org.testng.eclipse 1 0 2015-09-02 16:39:36.187
!MESSAGE [TestNGLaunchConfigurationDelegate] Launching:
  Classpath: D:\skrylova\tests\test-java-25-spkrylova\addressbook-selenium-tests\bin C:\Users\skrylova\Downloads\selenium-server-standalone-2.47.1.jar
  VMArgs:    -ea
  Class:     org.testng.remote.RemoteTestNG
  Args:      -serport 56242 -d D:\skrylova\tests\test-java-25-spkrylova\addressbook-selenium-tests\test-output C:\Users\skrylova\AppData\Local\Temp\testng-eclipse--442942260\testng-customsuite.xml
java -ea -classpath D:\skrylova\tests\test-java-25-spkrylova\addressbook-selenium-tests\bin:C:\Users\skrylova\Downloads\selenium-server-standalone-2.47.1.jar org.testng.remote.RemoteTestNG -serport 56242 -d D:\skrylova\tests\test-java-25-spkrylova\addressbook-selenium-tests\test-output C:\Users\skrylova\AppData\Local\Temp\testng-eclipse--442942260\testng-customsuite.xml

!ENTRY org.testng.eclipse 1 0 2015-09-02 16:42:42.518
!MESSAGE [TestNGLaunchShortcut] Examining Java element:com.example.tests [in src [in addressbook-selenium-tests]]
  [Working copy] TestBase.java
    package com.example.tests
    import org.junit.Assert.fail
    import java.util.concurrent.TimeUnit
    import org.openqa.selenium.Alert
    import org.openqa.selenium.By
    import org.openqa.selenium.NoAlertPresentException
    import org.openqa.selenium.NoSuchElementException
    import org.openqa.selenium.WebDriver
    import org.openqa.selenium.firefox.FirefoxDriver
    import org.openqa.selenium.support.ui.Select
    import org.testng.annotations.AfterClass
    import org.testng.annotations.AfterTest
    import org.testng.annotations.BeforeClass
    import org.testng.annotations.BeforeTest
    class TestBase
      WebDriver driver
      String baseUrl
      boolean acceptNextAlert
      StringBuffer verificationErrors
      void submitContactCreation()
      void setUp()
      void tearDown()
      void returnToGroupsPage()
      void submitGroupCreation()
      void fillGroupForm(GroupData)
      void initGroupCreation()
      void gotoGroupsPage()
      void openMainPage()
      void openMainPage2()
      boolean isElementPresent(By)
      String closeAlertAndGetItsText()
      void fillAddNewPage(ContactData)
      void gotoAddNewPage()
      boolean isAlertPresent()
  [Working copy] GroupCreationTests.java
    package com.example.tests
    import java.util.regex.Pattern
    import org.testng.annotations.Test
    class GroupCreationTests
      void testNonEmptyGroupCreation()
      void testEmptyGroupCreation()
  [Working copy] ContactCreationTests.java
    package com.example.tests
    import org.testng.annotations.Test
    class ContactCreationTests
      void testNonEmptyContactCreation()
      void testEmptyContactCreation()
  [Working copy] GroupData.java
    package com.example.tests
    class GroupData
      String name
      String header
      String footer
      GroupData()
      GroupData(String, String, String)
  [Working copy] AlsoGroupCreationTests.java
    package com.example.tests
    import java.util.regex.Pattern
    import java.util.concurrent.TimeUnit
    import org.junit.Assert.*
    import org.hamcrest.CoreMatchers.*
    import org.openqa.selenium.*
    import org.openqa.selenium.firefox.FirefoxDriver
    import org.openqa.selenium.support.ui.Select
    import org.testng.annotations.AfterClass
    import org.testng.annotations.BeforeClass
    import org.testng.annotations.Test
    class AlsoGroupCreationTests
      void testNonEmptyGroupCreation()
      void testEmptyGroupCreation()
  [Working copy] ContactData.java
    package com.example.tests
    class ContactData
      String lastname
      String firstname
      String mobile
      String bday_day
      String bday_month
      String bday_year
      ContactData()
      ContactData(String, String, String, String, String, String)

!ENTRY org.testng.eclipse 1 0 2015-09-02 16:42:48.116
!MESSAGE [TestNGLaunchConfigurationDelegate] Launching:
  Classpath: D:\skrylova\tests\test-java-25-spkrylova\addressbook-selenium-tests\bin C:\Users\skrylova\Downloads\selenium-server-standalone-2.47.1.jar
  VMArgs:    -ea
  Class:     org.testng.remote.RemoteTestNG
  Args:      -serport 56456 -d D:\skrylova\tests\test-java-25-spkrylova\addressbook-selenium-tests\test-output C:\Users\skrylova\AppData\Local\Temp\testng-eclipse-822236361\testng-customsuite.xml
java -ea -classpath D:\skrylova\tests\test-java-25-spkrylova\addressbook-selenium-tests\bin:C:\Users\skrylova\Downloads\selenium-server-standalone-2.47.1.jar org.testng.remote.RemoteTestNG -serport 56456 -d D:\skrylova\tests\test-java-25-spkrylova\addressbook-selenium-tests\test-output C:\Users\skrylova\AppData\Local\Temp\testng-eclipse-822236361\testng-customsuite.xml

!ENTRY org.testng.eclipse 1 0 2015-09-02 16:49:18.483
!MESSAGE [TestNGLaunchShortcut] Examining Java element:com.example.tests [in src [in addressbook-selenium-tests]]
  [Working copy] TestBase.java
    package com.example.tests
    import org.junit.Assert.fail
    import java.util.concurrent.TimeUnit
    import org.openqa.selenium.Alert
    import org.openqa.selenium.By
    import org.openqa.selenium.NoAlertPresentException
    import org.openqa.selenium.NoSuchElementException
    import org.openqa.selenium.WebDriver
    import org.openqa.selenium.firefox.FirefoxDriver
    import org.openqa.selenium.support.ui.Select
    import org.testng.annotations.AfterClass
    import org.testng.annotations.AfterTest
    import org.testng.annotations.BeforeClass
    import org.testng.annotations.BeforeTest
    class TestBase
      WebDriver driver
      String baseUrl
      boolean acceptNextAlert
      StringBuffer verificationErrors
      void submitContactCreation()
      void setUp()
      void tearDown()
      void returnToGroupsPage()
      void submitGroupCreation()
      void fillGroupForm(GroupData)
      void initGroupCreation()
      void gotoGroupsPage()
      void openMainPage()
      boolean isElementPresent(By)
      String closeAlertAndGetItsText()
      void fillAddNewPage(ContactData)
      void gotoAddNewPage()
      boolean isAlertPresent()
  [Working copy] GroupCreationTests.java
    package com.example.tests
    import java.util.regex.Pattern
    import org.testng.annotations.Test
    class GroupCreationTests
      void testNonEmptyGroupCreation()
      void testEmptyGroupCreation()
  [Working copy] ContactCreationTests.java
    package com.example.tests
    import org.testng.annotations.Test
    class ContactCreationTests
      void testNonEmptyContactCreation()
      void testEmptyContactCreation()
  [Working copy] GroupData.java
    package com.example.tests
    class GroupData
      String name
      String header
      String footer
      GroupData()
      GroupData(String, String, String)
  [Working copy] AlsoGroupCreationTests.java
    package com.example.tests
    import java.util.regex.Pattern
    import java.util.concurrent.TimeUnit
    import org.junit.Assert.*
    import org.hamcrest.CoreMatchers.*
    import org.openqa.selenium.*
    import org.openqa.selenium.firefox.FirefoxDriver
    import org.openqa.selenium.support.ui.Select
    import org.testng.annotations.AfterClass
    import org.testng.annotations.BeforeClass
    import org.testng.annotations.Test
    class AlsoGroupCreationTests
      void testNonEmptyGroupCreation()
      void testEmptyGroupCreation()
  [Working copy] ContactData.java
    package com.example.tests
    class ContactData
      String lastname
      String firstname
      String mobile
      String bday_day
      String bday_month
      String bday_year
      ContactData()
      ContactData(String, String, String, String, String, String)

!ENTRY org.testng.eclipse 1 0 2015-09-02 16:49:20.544
!MESSAGE [TestNGLaunchConfigurationDelegate] Launching:
  Classpath: D:\skrylova\tests\test-java-25-spkrylova\addressbook-selenium-tests\bin C:\Users\skrylova\Downloads\selenium-server-standalone-2.47.1.jar
  VMArgs:    -ea
  Class:     org.testng.remote.RemoteTestNG
  Args:      -serport 56683 -d D:\skrylova\tests\test-java-25-spkrylova\addressbook-selenium-tests\test-output C:\Users\skrylova\AppData\Local\Temp\testng-eclipse-2010672640\testng-customsuite.xml
java -ea -classpath D:\skrylova\tests\test-java-25-spkrylova\addressbook-selenium-tests\bin:C:\Users\skrylova\Downloads\selenium-server-standalone-2.47.1.jar org.testng.remote.RemoteTestNG -serport 56683 -d D:\skrylova\tests\test-java-25-spkrylova\addressbook-selenium-tests\test-output C:\Users\skrylova\AppData\Local\Temp\testng-eclipse-2010672640\testng-customsuite.xml

!ENTRY org.testng.eclipse 1 0 2015-09-02 16:50:15.773
!MESSAGE [TestNGLaunchShortcut] Examining Java element:com.example.tests [in src [in addressbook-selenium-tests]]
  [Working copy] TestBase.java
    package com.example.tests
    import org.junit.Assert.fail
    import java.util.concurrent.TimeUnit
    import org.openqa.selenium.Alert
    import org.openqa.selenium.By
    import org.openqa.selenium.NoAlertPresentException
    import org.openqa.selenium.NoSuchElementException
    import org.openqa.selenium.WebDriver
    import org.openqa.selenium.firefox.FirefoxDriver
    import org.openqa.selenium.support.ui.Select
    import org.testng.annotations.AfterClass
    import org.testng.annotations.AfterTest
    import org.testng.annotations.BeforeClass
    import org.testng.annotations.BeforeTest
    class TestBase
      WebDriver driver
      String baseUrl
      boolean acceptNextAlert
      StringBuffer verificationErrors
      void submitContactCreation()
      void setUp()
      void tearDown()
      void returnToGroupsPage()
      void submitGroupCreation()
      void fillGroupForm(GroupData)
      void initGroupCreation()
      void gotoGroupsPage()
      void openMainPage()
      boolean isElementPresent(By)
      String closeAlertAndGetItsText()
      void fillAddNewPage(ContactData)
      void gotoAddNewPage()
      boolean isAlertPresent()
  [Working copy] GroupCreationTests.java
    package com.example.tests
    import java.util.regex.Pattern
    import org.testng.annotations.Test
    class GroupCreationTests
      void testNonEmptyGroupCreation()
      void testEmptyGroupCreation()
  [Working copy] ContactCreationTests.java
    package com.example.tests
    import org.testng.annotations.Test
    class ContactCreationTests
      void testNonEmptyContactCreation()
      void testEmptyContactCreation()
  [Working copy] GroupData.java
    package com.example.tests
    class GroupData
      String name
      String header
      String footer
      GroupData()
      GroupData(String, String, String)
  [Working copy] AlsoGroupCreationTests.java
    package com.example.tests
    import java.util.regex.Pattern
    import java.util.concurrent.TimeUnit
    import org.junit.Assert.*
    import org.hamcrest.CoreMatchers.*
    import org.openqa.selenium.*
    import org.openqa.selenium.firefox.FirefoxDriver
    import org.openqa.selenium.support.ui.Select
    import org.testng.annotations.AfterClass
    import org.testng.annotations.BeforeClass
    import org.testng.annotations.Test
    class AlsoGroupCreationTests
      void testNonEmptyGroupCreation()
      void testEmptyGroupCreation()
  [Working copy] ContactData.java
    package com.example.tests
    class ContactData
      String lastname
      String firstname
      String mobile
      String bday_day
      String bday_month
      String bday_year
      ContactData()
      ContactData(String, String, String, String, String, String)

!ENTRY org.testng.eclipse 1 0 2015-09-02 16:50:17.164
!MESSAGE [TestNGLaunchConfigurationDelegate] Launching:
  Classpath: D:\skrylova\tests\test-java-25-spkrylova\addressbook-selenium-tests\bin C:\Users\skrylova\Downloads\selenium-server-standalone-2.47.1.jar
  VMArgs:    -ea
  Class:     org.testng.remote.RemoteTestNG
  Args:      -serport 56894 -d D:\skrylova\tests\test-java-25-spkrylova\addressbook-selenium-tests\test-output C:\Users\skrylova\AppData\Local\Temp\testng-eclipse--1177848765\testng-customsuite.xml
java -ea -classpath D:\skrylova\tests\test-java-25-spkrylova\addressbook-selenium-tests\bin:C:\Users\skrylova\Downloads\selenium-server-standalone-2.47.1.jar org.testng.remote.RemoteTestNG -serport 56894 -d D:\skrylova\tests\test-java-25-spkrylova\addressbook-selenium-tests\test-output C:\Users\skrylova\AppData\Local\Temp\testng-eclipse--1177848765\testng-customsuite.xml

!ENTRY org.testng.eclipse 1 0 2015-09-02 19:07:36.706
!MESSAGE [TestNGLaunchShortcut] Examining Java element:com.example.tests [in src [in addressbook-selenium-tests]]
  [Working copy] TestBase.java
    package com.example.tests
    import org.junit.Assert.fail
    import java.util.concurrent.TimeUnit
    import org.openqa.selenium.Alert
    import org.openqa.selenium.By
    import org.openqa.selenium.NoAlertPresentException
    import org.openqa.selenium.NoSuchElementException
    import org.openqa.selenium.WebDriver
    import org.openqa.selenium.firefox.FirefoxDriver
    import org.openqa.selenium.support.ui.Select
    import org.testng.annotations.AfterClass
    import org.testng.annotations.AfterTest
    import org.testng.annotations.BeforeClass
    import org.testng.annotations.BeforeTest
    class TestBase
      WebDriver driver
      String baseUrl
      boolean acceptNextAlert
      StringBuffer verificationErrors
      void submitContactCreation()
      void setUp()
      void tearDown()
      void returnToGroupsPage()
      void submitGroupCreation()
      void fillGroupForm(GroupData)
      void initGroupCreation()
      void gotoGroupsPage()
      void openMainPage()
      boolean isElementPresent(By)
      String closeAlertAndGetItsText()
      void fillAddNewPage(ContactData)
      void gotoAddNewPage()
      boolean isAlertPresent()
  [Working copy] GroupCreationTests.java
    package com.example.tests
    import java.util.regex.Pattern
    import org.testng.annotations.Test
    class GroupCreationTests
      void testNonEmptyGroupCreation()
      void testEmptyGroupCreation()
  [Working copy] ContactCreationTests.java
    package com.example.tests
    import org.testng.annotations.Test
    class ContactCreationTests
      void testNonEmptyContactCreation()
      void testEmptyContactCreation()
  [Working copy] GroupData.java
    package com.example.tests
    class GroupData
      String name
      String header
      String footer
      GroupData()
      GroupData(String, String, String)
  [Working copy] ContactData.java
    package com.example.tests
    class ContactData
      String lastname
      String firstname
      String mobile
      String bday_day
      String bday_month
      String bday_year
      ContactData()
      ContactData(String, String, String, String, String, String)

!ENTRY org.testng.eclipse 1 0 2015-09-02 19:07:39.185
!MESSAGE [TestNGLaunchConfigurationDelegate] Launching:
  Classpath: D:\skrylova\tests\test-java-25-spkrylova\addressbook-selenium-tests\bin C:\Users\skrylova\Downloads\selenium-server-standalone-2.47.1.jar
  VMArgs:    -ea
  Class:     org.testng.remote.RemoteTestNG
  Args:      -serport 57608 -d D:\skrylova\tests\test-java-25-spkrylova\addressbook-selenium-tests\test-output C:\Users\skrylova\AppData\Local\Temp\testng-eclipse-1475898954\testng-customsuite.xml
java -ea -classpath D:\skrylova\tests\test-java-25-spkrylova\addressbook-selenium-tests\bin:C:\Users\skrylova\Downloads\selenium-server-standalone-2.47.1.jar org.testng.remote.RemoteTestNG -serport 57608 -d D:\skrylova\tests\test-java-25-spkrylova\addressbook-selenium-tests\test-output C:\Users\skrylova\AppData\Local\Temp\testng-eclipse-1475898954\testng-customsuite.xml

!ENTRY org.testng.eclipse 1 0 2015-09-02 19:17:35.750
!MESSAGE [TestNGLaunchShortcut] Examining Java element:[Working copy] GroupCreationTests.java [in com.example.tests [in src [in addressbook-selenium-tests]]]
  package com.example.tests
  import java.util.regex.Pattern
  import org.testng.annotations.Test
  class GroupCreationTests
    void testNonEmptyGroupCreation()
    void testEmptyGroupCreation()

!ENTRY org.testng.eclipse 1 0 2015-09-02 19:17:37.540
!MESSAGE [TestNGLaunchConfigurationDelegate] Launching:
  Classpath: D:\skrylova\tests\test-java-25-spkrylova\addressbook-selenium-tests\bin C:\Users\skrylova\Downloads\selenium-server-standalone-2.47.1.jar
  VMArgs:    -ea
  Class:     org.testng.remote.RemoteTestNG
  Args:      -serport 57807 -d D:\skrylova\tests\test-java-25-spkrylova\addressbook-selenium-tests\test-output C:\Users\skrylova\AppData\Local\Temp\testng-eclipse-1888223893\testng-customsuite.xml
java -ea -classpath D:\skrylova\tests\test-java-25-spkrylova\addressbook-selenium-tests\bin:C:\Users\skrylova\Downloads\selenium-server-standalone-2.47.1.jar org.testng.remote.RemoteTestNG -serport 57807 -d D:\skrylova\tests\test-java-25-spkrylova\addressbook-selenium-tests\test-output C:\Users\skrylova\AppData\Local\Temp\testng-eclipse-1888223893\testng-customsuite.xml

!ENTRY org.testng.eclipse 1 0 2015-09-03 10:14:57.464
!MESSAGE [TestNGLaunchShortcut] Examining Java element:[Working copy] GroupCreationTests.java [in com.example.tests [in src [in addressbook-selenium-tests]]]
  package com.example.tests
  import java.util.regex.Pattern
  import org.testng.annotations.Test
  class GroupCreationTests
    void testNonEmptyGroupCreation()
    void testEmptyGroupCreation()

!ENTRY org.testng.eclipse 1 0 2015-09-03 10:15:07.496
!MESSAGE [TestNGLaunchShortcut] Examining Java element:[Working copy] GroupCreationTests.java [in com.example.tests [in src [in addressbook-selenium-tests]]]
  package com.example.tests
  import java.util.regex.Pattern
  import org.testng.annotations.Test
  class GroupCreationTests
    void testNonEmptyGroupCreation()
    void testEmptyGroupCreation()

!ENTRY org.testng.eclipse 1 0 2015-09-03 11:58:57.311
!MESSAGE [TestNGLaunchShortcut] Examining Java element:[Working copy] GroupCreationTests.java [in com.example.tests [in src [in addressbook-selenium-tests]]]
  package com.example.tests
  import java.util.regex.Pattern
  import org.testng.annotations.Test
  class GroupCreationTests
    void testNonEmptyGroupCreation()
    void testEmptyGroupCreation()

!ENTRY org.testng.eclipse 1 0 2015-09-03 11:58:57.360
!MESSAGE [TestNGLaunchConfigurationDelegate] Launching:
  Classpath: D:\skrylova\tests\test-java-25-spkrylova\addressbook-selenium-tests\bin C:\Users\skrylova\Downloads\selenium-server-standalone-2.47.1.jar
  VMArgs:    -ea
  Class:     org.testng.remote.RemoteTestNG
  Args:      -serport 59547 -d D:\skrylova\tests\test-java-25-spkrylova\addressbook-selenium-tests\test-output C:\Users\skrylova\AppData\Local\Temp\testng-eclipse-1413586012\testng-customsuite.xml
java -ea -classpath D:\skrylova\tests\test-java-25-spkrylova\addressbook-selenium-tests\bin:C:\Users\skrylova\Downloads\selenium-server-standalone-2.47.1.jar org.testng.remote.RemoteTestNG -serport 59547 -d D:\skrylova\tests\test-java-25-spkrylova\addressbook-selenium-tests\test-output C:\Users\skrylova\AppData\Local\Temp\testng-eclipse-1413586012\testng-customsuite.xml

!ENTRY org.testng.eclipse 1 0 2015-09-03 12:03:18.555
!MESSAGE [TestNGLaunchShortcut] Examining Java element:[Working copy] GroupCreationTests.java [in com.example.tests [in src [in addressbook-selenium-tests]]]
  package com.example.tests
  import java.util.regex.Pattern
  import org.testng.annotations.Test
  class GroupCreationTests
    void testNonEmptyGroupCreation()
    void testEmptyGroupCreation()

!ENTRY org.testng.eclipse 1 0 2015-09-03 12:04:03.766
!MESSAGE [TestNGLaunchShortcut] Examining Java element:[Working copy] GroupCreationTests.java [in com.example.tests [in src [in addressbook-selenium-tests]]]
  package com.example.tests
  import java.util.regex.Pattern
  import org.testng.annotations.Test
  class GroupCreationTests
    void testNonEmptyGroupCreation()
    void testEmptyGroupCreation()

!ENTRY org.testng.eclipse 1 0 2015-09-03 12:04:03.796
!MESSAGE [TestNGLaunchConfigurationDelegate] Launching:
  Classpath: D:\skrylova\tests\test-java-25-spkrylova\addressbook-selenium-tests\bin C:\Users\skrylova\Downloads\selenium-server-standalone-2.47.1.jar
  VMArgs:    -ea
  Class:     org.testng.remote.RemoteTestNG
  Args:      -serport 59581 -d D:\skrylova\tests\test-java-25-spkrylova\addressbook-selenium-tests\test-output C:\Users\skrylova\AppData\Local\Temp\testng-eclipse-289191027\testng-customsuite.xml
java -ea -classpath D:\skrylova\tests\test-java-25-spkrylova\addressbook-selenium-tests\bin:C:\Users\skrylova\Downloads\selenium-server-standalone-2.47.1.jar org.testng.remote.RemoteTestNG -serport 59581 -d D:\skrylova\tests\test-java-25-spkrylova\addressbook-selenium-tests\test-output C:\Users\skrylova\AppData\Local\Temp\testng-eclipse-289191027\testng-customsuite.xml

!ENTRY org.testng.eclipse 1 0 2015-09-03 12:05:11.439
!MESSAGE [TestNGLaunchShortcut] Examining Java element:[Working copy] GroupCreationTests.java [in com.example.tests [in src [in addressbook-selenium-tests]]]
  package com.example.tests
  import java.util.regex.Pattern
  import org.testng.annotations.Test
  class GroupCreationTests
    void testNonEmptyGroupCreation()
    void testEmptyGroupCreation()

!ENTRY org.testng.eclipse 1 0 2015-09-03 12:05:11.560
!MESSAGE [TestNGLaunchConfigurationDelegate] Launching:
  Classpath: D:\skrylova\tests\test-java-25-spkrylova\addressbook-selenium-tests\bin C:\Users\skrylova\Downloads\selenium-server-standalone-2.47.1.jar
  VMArgs:    -ea
  Class:     org.testng.remote.RemoteTestNG
  Args:      -serport 59596 -d D:\skrylova\tests\test-java-25-spkrylova\addressbook-selenium-tests\test-output C:\Users\skrylova\AppData\Local\Temp\testng-eclipse-638835832\testng-customsuite.xml
java -ea -classpath D:\skrylova\tests\test-java-25-spkrylova\addressbook-selenium-tests\bin:C:\Users\skrylova\Downloads\selenium-server-standalone-2.47.1.jar org.testng.remote.RemoteTestNG -serport 59596 -d D:\skrylova\tests\test-java-25-spkrylova\addressbook-selenium-tests\test-output C:\Users\skrylova\AppData\Local\Temp\testng-eclipse-638835832\testng-customsuite.xml

!ENTRY org.testng.eclipse 1 0 2015-09-03 13:51:59.656
!MESSAGE [TestNGLaunchShortcut] Examining Java element:[Working copy] GroupCreationTests.java [in com.example.tests [in src [in addressbook-selenium-tests]]]
  package com.example.tests
  import java.util.regex.Pattern
  import org.testng.annotations.Test
  class GroupCreationTests
    void testNonEmptyGroupCreation()
    void testEmptyGroupCreation()

!ENTRY org.testng.eclipse 1 0 2015-09-03 14:59:50.889
!MESSAGE [TestNGLaunchShortcut] Examining Java element:[Working copy] GroupRemovalTests.java [in com.example.tests [in src [in addressbook-selenium-tests]]]
  package com.example.tests
  import org.testng.annotations.Test
  class GroupRemovalTests
    void deleteSomeGroup()

!ENTRY org.testng.eclipse 1 0 2015-09-03 14:59:50.971
!MESSAGE [TestNGLaunchConfigurationDelegate] Launching:
  Classpath: D:\skrylova\tests\test-java-25-spkrylova\addressbook-selenium-tests\bin C:\Users\skrylova\Downloads\selenium-server-standalone-2.47.1.jar
  VMArgs:    -ea
  Class:     org.testng.remote.RemoteTestNG
  Args:      -serport 59975 -d D:\skrylova\tests\test-java-25-spkrylova\addressbook-selenium-tests\test-output C:\Users\skrylova\AppData\Local\Temp\testng-eclipse-407491406\testng-customsuite.xml
java -ea -classpath D:\skrylova\tests\test-java-25-spkrylova\addressbook-selenium-tests\bin:C:\Users\skrylova\Downloads\selenium-server-standalone-2.47.1.jar org.testng.remote.RemoteTestNG -serport 59975 -d D:\skrylova\tests\test-java-25-spkrylova\addressbook-selenium-tests\test-output C:\Users\skrylova\AppData\Local\Temp\testng-eclipse-407491406\testng-customsuite.xml

!ENTRY org.testng.eclipse 1 0 2015-09-03 15:01:46.019
!MESSAGE [TestNGLaunchShortcut] Examining Java element:[Working copy] GroupCreationTests.java [in com.example.tests [in src [in addressbook-selenium-tests]]]
  package com.example.tests
  import java.util.regex.Pattern
  import org.testng.annotations.Test
  class GroupCreationTests
    void testNonEmptyGroupCreation()
    void testEmptyGroupCreation()

!ENTRY org.testng.eclipse 1 0 2015-09-03 15:01:46.192
!MESSAGE [TestNGLaunchConfigurationDelegate] Launching:
  Classpath: D:\skrylova\tests\test-java-25-spkrylova\addressbook-selenium-tests\bin C:\Users\skrylova\Downloads\selenium-server-standalone-2.47.1.jar
  VMArgs:    -ea
  Class:     org.testng.remote.RemoteTestNG
  Args:      -serport 59989 -d D:\skrylova\tests\test-java-25-spkrylova\addressbook-selenium-tests\test-output C:\Users\skrylova\AppData\Local\Temp\testng-eclipse--1478811502\testng-customsuite.xml
java -ea -classpath D:\skrylova\tests\test-java-25-spkrylova\addressbook-selenium-tests\bin:C:\Users\skrylova\Downloads\selenium-server-standalone-2.47.1.jar org.testng.remote.RemoteTestNG -serport 59989 -d D:\skrylova\tests\test-java-25-spkrylova\addressbook-selenium-tests\test-output C:\Users\skrylova\AppData\Local\Temp\testng-eclipse--1478811502\testng-customsuite.xml

!ENTRY org.testng.eclipse 1 0 2015-09-03 15:04:05.998
!MESSAGE [TestNGLaunchShortcut] Examining Java element:[Working copy] GroupCreationTests.java [in com.example.tests [in src [in addressbook-selenium-tests]]]
  package com.example.tests
  import java.util.regex.Pattern
  import org.testng.annotations.Test
  class GroupCreationTests
    void testNonEmptyGroupCreation()
    void testEmptyGroupCreation()

!ENTRY org.testng.eclipse 1 0 2015-09-03 15:04:06.126
!MESSAGE [TestNGLaunchConfigurationDelegate] Launching:
  Classpath: D:\skrylova\tests\test-java-25-spkrylova\addressbook-selenium-tests\bin C:\Users\skrylova\Downloads\selenium-server-standalone-2.47.1.jar
  VMArgs:    -ea
  Class:     org.testng.remote.RemoteTestNG
  Args:      -serport 60009 -d D:\skrylova\tests\test-java-25-spkrylova\addressbook-selenium-tests\test-output C:\Users\skrylova\AppData\Local\Temp\testng-eclipse--1605562456\testng-customsuite.xml
java -ea -classpath D:\skrylova\tests\test-java-25-spkrylova\addressbook-selenium-tests\bin:C:\Users\skrylova\Downloads\selenium-server-standalone-2.47.1.jar org.testng.remote.RemoteTestNG -serport 60009 -d D:\skrylova\tests\test-java-25-spkrylova\addressbook-selenium-tests\test-output C:\Users\skrylova\AppData\Local\Temp\testng-eclipse--1605562456\testng-customsuite.xml

!ENTRY org.testng.eclipse 1 0 2015-09-03 15:05:09.103
!MESSAGE [TestNGLaunchShortcut] Examining Java element:[Working copy] GroupCreationTests.java [in com.example.tests [in src [in addressbook-selenium-tests]]]
  package com.example.tests
  import java.util.regex.Pattern
  import org.testng.annotations.Test
  class GroupCreationTests
    void testNonEmptyGroupCreation()
    void testEmptyGroupCreation()

!ENTRY org.testng.eclipse 1 0 2015-09-03 15:05:09.207
!MESSAGE [TestNGLaunchConfigurationDelegate] Launching:
  Classpath: D:\skrylova\tests\test-java-25-spkrylova\addressbook-selenium-tests\bin C:\Users\skrylova\Downloads\selenium-server-standalone-2.47.1.jar
  VMArgs:    -ea
  Class:     org.testng.remote.RemoteTestNG
  Args:      -serport 60022 -d D:\skrylova\tests\test-java-25-spkrylova\addressbook-selenium-tests\test-output C:\Users\skrylova\AppData\Local\Temp\testng-eclipse-1755862801\testng-customsuite.xml
java -ea -classpath D:\skrylova\tests\test-java-25-spkrylova\addressbook-selenium-tests\bin:C:\Users\skrylova\Downloads\selenium-server-standalone-2.47.1.jar org.testng.remote.RemoteTestNG -serport 60022 -d D:\skrylova\tests\test-java-25-spkrylova\addressbook-selenium-tests\test-output C:\Users\skrylova\AppData\Local\Temp\testng-eclipse-1755862801\testng-customsuite.xml

!ENTRY org.testng.eclipse 1 0 2015-09-03 15:25:36.521
!MESSAGE [TestNGLaunchShortcut] Examining Java element:[Working copy] GroupCreationTests.java [in com.example.tests [in src [in addressbook-selenium-tests]]]
  package com.example.tests
  import java.util.regex.Pattern
  import org.testng.annotations.Test
  class GroupCreationTests
    void testNonEmptyGroupCreation()
    void testEmptyGroupCreation()

!ENTRY org.testng.eclipse 1 0 2015-09-03 15:25:36.557
!MESSAGE [TestNGLaunchConfigurationDelegate] Launching:
  Classpath: D:\skrylova\tests\test-java-25-spkrylova\addressbook-selenium-tests\bin C:\Users\skrylova\Downloads\selenium-server-standalone-2.47.1.jar
  VMArgs:    -ea
  Class:     org.testng.remote.RemoteTestNG
  Args:      -serport 60113 -d D:\skrylova\tests\test-java-25-spkrylova\addressbook-selenium-tests\test-output C:\Users\skrylova\AppData\Local\Temp\testng-eclipse--645202963\testng-customsuite.xml
java -ea -classpath D:\skrylova\tests\test-java-25-spkrylova\addressbook-selenium-tests\bin:C:\Users\skrylova\Downloads\selenium-server-standalone-2.47.1.jar org.testng.remote.RemoteTestNG -serport 60113 -d D:\skrylova\tests\test-java-25-spkrylova\addressbook-selenium-tests\test-output C:\Users\skrylova\AppData\Local\Temp\testng-eclipse--645202963\testng-customsuite.xml
!SESSION 2015-09-03 15:40:31.480 -----------------------------------------------
eclipse.buildId=4.5.0.I20150603-2000
java.version=1.8.0_60
java.vendor=Oracle Corporation
BootLoader constants: OS=win32, ARCH=x86_64, WS=win32, NL=en_US
Framework arguments:  -product org.eclipse.epp.package.jee.product
Command-line arguments:  -os win32 -ws win32 -arch x86_64 -product org.eclipse.epp.package.jee.product

!ENTRY org.eclipse.egit.ui 2 0 2015-09-03 15:41:00.721
!MESSAGE Warning: The environment variable HOME is not set. The following directory will be used to store the Git
user global configuration and to define the default location to store repositories: 'C:\Users\skrylova'. If this is
not correct please set the HOME environment variable and restart Eclipse. Otherwise Git for Windows and
EGit might behave differently since they see different configuration options.
This warning can be switched off on the Team > Git > Confirmations and Warnings preference page.

!ENTRY org.testng.eclipse 1 0 2015-09-03 15:41:20.042
!MESSAGE [TestNGLaunchShortcut] Examining Java element:GroupCreationTests.java [in com.example.tests [in src [in addressbook-selenium-tests]]]
  package com.example.tests
  import java.util.regex.Pattern
  import org.testng.annotations.Test
  class GroupCreationTests
    void testNonEmptyGroupCreation()
    void testEmptyGroupCreation()

!ENTRY org.testng.eclipse 1 0 2015-09-03 15:41:20.869
!MESSAGE [TestNGLaunchConfigurationDelegate] Launching:
  Classpath: D:\skrylova\tests\test-java-25-spkrylova\addressbook-selenium-tests\bin C:\Users\skrylova\Downloads\selenium-server-standalone-2.47.1.jar
  VMArgs:    -ea
  Class:     org.testng.remote.RemoteTestNG
  Args:      -serport 60210 -d D:\skrylova\tests\test-java-25-spkrylova\addressbook-selenium-tests\test-output C:\Users\skrylova\AppData\Local\Temp\testng-eclipse--1843752150\testng-customsuite.xml
java -ea -classpath D:\skrylova\tests\test-java-25-spkrylova\addressbook-selenium-tests\bin:C:\Users\skrylova\Downloads\selenium-server-standalone-2.47.1.jar org.testng.remote.RemoteTestNG -serport 60210 -d D:\skrylova\tests\test-java-25-spkrylova\addressbook-selenium-tests\test-output C:\Users\skrylova\AppData\Local\Temp\testng-eclipse--1843752150\testng-customsuite.xml

!ENTRY org.testng.eclipse 1 0 2015-09-03 15:44:21.383
!MESSAGE [TestNGLaunchShortcut] Examining Java element:GroupCreationTests.java [in com.example.tests [in src [in addressbook-selenium-tests]]]
  package com.example.tests
  import java.util.regex.Pattern
  import org.testng.annotations.Test
  class GroupCreationTests
    void testNonEmptyGroupCreation()
    void testEmptyGroupCreation()

!ENTRY org.testng.eclipse 1 0 2015-09-03 15:44:21.503
!MESSAGE [TestNGLaunchConfigurationDelegate] Launching:
  Classpath: D:\skrylova\tests\test-java-25-spkrylova\addressbook-selenium-tests\bin C:\Users\skrylova\Downloads\selenium-server-standalone-2.47.1.jar
  VMArgs:    -ea
  Class:     org.testng.remote.RemoteTestNG
  Args:      -serport 60235 -d D:\skrylova\tests\test-java-25-spkrylova\addressbook-selenium-tests\test-output C:\Users\skrylova\AppData\Local\Temp\testng-eclipse--1639406156\testng-customsuite.xml
java -ea -classpath D:\skrylova\tests\test-java-25-spkrylova\addressbook-selenium-tests\bin:C:\Users\skrylova\Downloads\selenium-server-standalone-2.47.1.jar org.testng.remote.RemoteTestNG -serport 60235 -d D:\skrylova\tests\test-java-25-spkrylova\addressbook-selenium-tests\test-output C:\Users\skrylova\AppData\Local\Temp\testng-eclipse--1639406156\testng-customsuite.xml

!ENTRY org.testng.eclipse 1 0 2015-09-03 15:46:08.484
!MESSAGE [TestNGLaunchShortcut] Examining Java element:[Working copy] GroupCreationTests.java [in com.example.tests [in src [in addressbook-selenium-tests]]]
  package com.example.tests
  import java.util.regex.Pattern
  import org.testng.annotations.Test
  class GroupCreationTests
    void testNonEmptyGroupCreation()
    void testEmptyGroupCreation()

!ENTRY org.testng.eclipse 1 0 2015-09-03 15:46:08.632
!MESSAGE [TestNGLaunchConfigurationDelegate] Launching:
  Classpath: D:\skrylova\tests\test-java-25-spkrylova\addressbook-selenium-tests\bin C:\Users\skrylova\Downloads\selenium-server-standalone-2.47.1.jar
  VMArgs:    -ea
  Class:     org.testng.remote.RemoteTestNG
  Args:      -serport 60237 -d D:\skrylova\tests\test-java-25-spkrylova\addressbook-selenium-tests\test-output C:\Users\skrylova\AppData\Local\Temp\testng-eclipse--451516091\testng-customsuite.xml
java -ea -classpath D:\skrylova\tests\test-java-25-spkrylova\addressbook-selenium-tests\bin:C:\Users\skrylova\Downloads\selenium-server-standalone-2.47.1.jar org.testng.remote.RemoteTestNG -serport 60237 -d D:\skrylova\tests\test-java-25-spkrylova\addressbook-selenium-tests\test-output C:\Users\skrylova\AppData\Local\Temp\testng-eclipse--451516091\testng-customsuite.xml

!ENTRY org.testng.eclipse 1 0 2015-09-03 15:46:58.608
!MESSAGE [TestNGLaunchShortcut] Examining Java element:[Working copy] GroupCreationTests.java [in com.example.tests [in src [in addressbook-selenium-tests]]]
  package com.example.tests
  import java.util.regex.Pattern
  import org.testng.annotations.Test
  class GroupCreationTests
    void testNonEmptyGroupCreation()
    void testEmptyGroupCreation()

!ENTRY org.testng.eclipse 1 0 2015-09-03 15:46:58.812
!MESSAGE [TestNGLaunchConfigurationDelegate] Launching:
  Classpath: D:\skrylova\tests\test-java-25-spkrylova\addressbook-selenium-tests\bin C:\Users\skrylova\Downloads\selenium-server-standalone-2.47.1.jar
  VMArgs:    -ea
  Class:     org.testng.remote.RemoteTestNG
  Args:      -serport 60245 -d D:\skrylova\tests\test-java-25-spkrylova\addressbook-selenium-tests\test-output C:\Users\skrylova\AppData\Local\Temp\testng-eclipse-1716620582\testng-customsuite.xml
java -ea -classpath D:\skrylova\tests\test-java-25-spkrylova\addressbook-selenium-tests\bin:C:\Users\skrylova\Downloads\selenium-server-standalone-2.47.1.jar org.testng.remote.RemoteTestNG -serport 60245 -d D:\skrylova\tests\test-java-25-spkrylova\addressbook-selenium-tests\test-output C:\Users\skrylova\AppData\Local\Temp\testng-eclipse-1716620582\testng-customsuite.xml

!ENTRY org.testng.eclipse 1 0 2015-09-03 15:47:50.405
!MESSAGE [TestNGLaunchConfigurationDelegate] Launching:
  Classpath: D:\skrylova\tests\test-java-25-spkrylova\addressbook-selenium-tests\bin C:\Users\skrylova\Downloads\selenium-server-standalone-2.47.1.jar
  VMArgs:    -ea
  Class:     org.testng.remote.RemoteTestNG
  Args:      -serport 60249 -d D:\skrylova\tests\test-java-25-spkrylova\addressbook-selenium-tests\test-output C:\Users\skrylova\AppData\Local\Temp\testng-eclipse--499655676\testng-customsuite.xml
java -ea -classpath D:\skrylova\tests\test-java-25-spkrylova\addressbook-selenium-tests\bin:C:\Users\skrylova\Downloads\selenium-server-standalone-2.47.1.jar org.testng.remote.RemoteTestNG -serport 60249 -d D:\skrylova\tests\test-java-25-spkrylova\addressbook-selenium-tests\test-output C:\Users\skrylova\AppData\Local\Temp\testng-eclipse--499655676\testng-customsuite.xml

!ENTRY org.testng.eclipse 1 0 2015-09-03 15:49:01.690
!MESSAGE [TestNGLaunchShortcut] Examining Java element:[Working copy] GroupCreationTests.java [in com.example.tests [in src [in addressbook-selenium-tests]]]
  package com.example.tests
  import java.util.regex.Pattern
  import org.testng.annotations.Test
  class GroupCreationTests
    void testNonEmptyGroupCreation()
    void testEmptyGroupCreation()

!ENTRY org.testng.eclipse 1 0 2015-09-03 15:49:01.829
!MESSAGE [TestNGLaunchConfigurationDelegate] Launching:
  Classpath: D:\skrylova\tests\test-java-25-spkrylova\addressbook-selenium-tests\bin C:\Users\skrylova\Downloads\selenium-server-standalone-2.47.1.jar
  VMArgs:    -ea
  Class:     org.testng.remote.RemoteTestNG
  Args:      -serport 60251 -d D:\skrylova\tests\test-java-25-spkrylova\addressbook-selenium-tests\test-output C:\Users\skrylova\AppData\Local\Temp\testng-eclipse-316843310\testng-customsuite.xml
java -ea -classpath D:\skrylova\tests\test-java-25-spkrylova\addressbook-selenium-tests\bin:C:\Users\skrylova\Downloads\selenium-server-standalone-2.47.1.jar org.testng.remote.RemoteTestNG -serport 60251 -d D:\skrylova\tests\test-java-25-spkrylova\addressbook-selenium-tests\test-output C:\Users\skrylova\AppData\Local\Temp\testng-eclipse-316843310\testng-customsuite.xml

!ENTRY org.testng.eclipse 1 0 2015-09-03 15:52:25.125
!MESSAGE [TestNGLaunchShortcut] Examining Java element:[Working copy] GroupCreationTests.java [in com.example.tests [in src [in addressbook-selenium-tests]]]
  package com.example.tests
  import java.util.regex.Pattern
  import org.testng.annotations.Test
  class GroupCreationTests
    void testNonEmptyGroupCreation()
    void testEmptyGroupCreation()

!ENTRY org.testng.eclipse 1 0 2015-09-03 15:52:25.282
!MESSAGE [TestNGLaunchConfigurationDelegate] Launching:
  Classpath: D:\skrylova\tests\test-java-25-spkrylova\addressbook-selenium-tests\bin C:\Users\skrylova\Downloads\selenium-server-standalone-2.47.1.jar
  VMArgs:    -ea
  Class:     org.testng.remote.RemoteTestNG
  Args:      -serport 60268 -d D:\skrylova\tests\test-java-25-spkrylova\addressbook-selenium-tests\test-output C:\Users\skrylova\AppData\Local\Temp\testng-eclipse-16478657\testng-customsuite.xml
java -ea -classpath D:\skrylova\tests\test-java-25-spkrylova\addressbook-selenium-tests\bin:C:\Users\skrylova\Downloads\selenium-server-standalone-2.47.1.jar org.testng.remote.RemoteTestNG -serport 60268 -d D:\skrylova\tests\test-java-25-spkrylova\addressbook-selenium-tests\test-output C:\Users\skrylova\AppData\Local\Temp\testng-eclipse-16478657\testng-customsuite.xml
!SESSION 2015-09-03 15:54:34.367 -----------------------------------------------
eclipse.buildId=4.5.0.I20150603-2000
java.version=1.8.0_60
java.vendor=Oracle Corporation
BootLoader constants: OS=win32, ARCH=x86_64, WS=win32, NL=en_US
Framework arguments:  -product org.eclipse.epp.package.jee.product -product org.eclipse.epp.package.jee.product
Command-line arguments:  -os win32 -ws win32 -arch x86_64 -product org.eclipse.epp.package.jee.product -data file:/D:/skrylova/tests/test-java-25-spkrylova/ -product org.eclipse.epp.package.jee.product

!ENTRY org.eclipse.egit.ui 2 0 2015-09-03 15:54:56.395
!MESSAGE Warning: The environment variable HOME is not set. The following directory will be used to store the Git
user global configuration and to define the default location to store repositories: 'C:\Users\skrylova'. If this is
not correct please set the HOME environment variable and restart Eclipse. Otherwise Git for Windows and
EGit might behave differently since they see different configuration options.
This warning can be switched off on the Team > Git > Confirmations and Warnings preference page.

!ENTRY org.testng.eclipse 1 0 2015-09-03 15:55:15.481
!MESSAGE [TestNGLaunchShortcut] Examining Java element:[Working copy] GroupCreationTests.java [in com.example.tests [in src [in addressbook-selenium-tests]]]
  package com.example.tests
  import java.util.regex.Pattern
  import org.testng.annotations.Test
  class GroupCreationTests
    void testNonEmptyGroupCreation()
    void testEmptyGroupCreation()

!ENTRY org.testng.eclipse 1 0 2015-09-03 15:55:16.601
!MESSAGE [TestNGLaunchConfigurationDelegate] Launching:
  Classpath: D:\skrylova\tests\test-java-25-spkrylova\addressbook-selenium-tests\bin C:\Users\skrylova\Downloads\selenium-server-standalone-2.47.1.jar
  VMArgs:    -ea
  Class:     org.testng.remote.RemoteTestNG
  Args:      -serport 60273 -d D:\skrylova\tests\test-java-25-spkrylova\addressbook-selenium-tests\test-output C:\Users\skrylova\AppData\Local\Temp\testng-eclipse--1719864125\testng-customsuite.xml
java -ea -classpath D:\skrylova\tests\test-java-25-spkrylova\addressbook-selenium-tests\bin:C:\Users\skrylova\Downloads\selenium-server-standalone-2.47.1.jar org.testng.remote.RemoteTestNG -serport 60273 -d D:\skrylova\tests\test-java-25-spkrylova\addressbook-selenium-tests\test-output C:\Users\skrylova\AppData\Local\Temp\testng-eclipse--1719864125\testng-customsuite.xml
!SESSION 2015-09-03 15:57:27.691 -----------------------------------------------
eclipse.buildId=4.5.0.I20150603-2000
java.version=1.8.0_60
java.vendor=Oracle Corporation
BootLoader constants: OS=win32, ARCH=x86_64, WS=win32, NL=en_US
Framework arguments:  -product org.eclipse.epp.package.jee.product
Command-line arguments:  -os win32 -ws win32 -arch x86_64 -product org.eclipse.epp.package.jee.product

!ENTRY org.eclipse.egit.ui 2 0 2015-09-03 15:57:50.583
!MESSAGE Warning: The environment variable HOME is not set. The following directory will be used to store the Git
user global configuration and to define the default location to store repositories: 'C:\Users\skrylova'. If this is
not correct please set the HOME environment variable and restart Eclipse. Otherwise Git for Windows and
EGit might behave differently since they see different configuration options.
This warning can be switched off on the Team > Git > Confirmations and Warnings preference page.
!SESSION 2015-09-03 15:58:55.662 -----------------------------------------------
eclipse.buildId=4.5.0.I20150603-2000
java.version=1.8.0_60
java.vendor=Oracle Corporation
BootLoader constants: OS=win32, ARCH=x86_64, WS=win32, NL=en_US
Framework arguments:  -product org.eclipse.epp.package.jee.product -product org.eclipse.epp.package.jee.product
Command-line arguments:  -os win32 -ws win32 -arch x86_64 -product org.eclipse.epp.package.jee.product -data file:/D:/skrylova/tests/test-java-25-spkrylova/ -product org.eclipse.epp.package.jee.product

!ENTRY org.eclipse.core.runtime 4 0 2015-09-03 15:59:16.598
!MESSAGE Invalid input url:platform:/plugin/org.testng.eclipse/icons/full/main16/testng_blur.gif
!STACK 0
java.io.IOException: Unable to resolve plug-in "platform:/plugin/org.testng.eclipse/icons/full/main16/testng_blur.gif".
	at org.eclipse.core.internal.runtime.PlatformURLPluginConnection.parse(PlatformURLPluginConnection.java:65)
	at org.eclipse.core.internal.runtime.FindSupport.find(FindSupport.java:290)
	at org.eclipse.core.runtime.FileLocator.find(FileLocator.java:152)
	at org.eclipse.jface.resource.URLImageDescriptor.getFilePath(URLImageDescriptor.java:215)
	at org.eclipse.jface.resource.URLImageDescriptor.createImage(URLImageDescriptor.java:283)
	at org.eclipse.jface.resource.ImageDescriptor.createImage(ImageDescriptor.java:224)
	at org.eclipse.jface.resource.ImageDescriptor.createImage(ImageDescriptor.java:202)
	at org.eclipse.e4.ui.workbench.renderers.swt.SWTPartRenderer.getImageFromURI(SWTPartRenderer.java:225)
	at org.eclipse.e4.ui.workbench.renderers.swt.SWTPartRenderer.getImage(SWTPartRenderer.java:236)
	at org.eclipse.e4.ui.workbench.renderers.swt.StackRenderer.createTab(StackRenderer.java:877)
	at org.eclipse.e4.ui.workbench.renderers.swt.LazyStackRenderer.processContents(LazyStackRenderer.java:139)
	at org.eclipse.e4.ui.internal.workbench.swt.PartRenderingEngine.safeCreateGui(PartRenderingEngine.java:654)
	at org.eclipse.e4.ui.internal.workbench.swt.PartRenderingEngine.safeCreateGui(PartRenderingEngine.java:746)
	at org.eclipse.e4.ui.internal.workbench.swt.PartRenderingEngine.access$0(PartRenderingEngine.java:717)
	at org.eclipse.e4.ui.internal.workbench.swt.PartRenderingEngine$2.run(PartRenderingEngine.java:711)
	at org.eclipse.core.runtime.SafeRunner.run(SafeRunner.java:42)
	at org.eclipse.e4.ui.internal.workbench.swt.PartRenderingEngine.createGui(PartRenderingEngine.java:695)
	at org.eclipse.e4.ui.workbench.renderers.swt.SWTPartRenderer.processContents(SWTPartRenderer.java:71)
	at org.eclipse.e4.ui.workbench.renderers.swt.SashRenderer.processContents(SashRenderer.java:151)
	at org.eclipse.e4.ui.internal.workbench.swt.PartRenderingEngine.safeCreateGui(PartRenderingEngine.java:654)
	at org.eclipse.e4.ui.internal.workbench.swt.PartRenderingEngine.safeCreateGui(PartRenderingEngine.java:746)
	at org.eclipse.e4.ui.internal.workbench.swt.PartRenderingEngine.access$0(PartRenderingEngine.java:717)
	at org.eclipse.e4.ui.internal.workbench.swt.PartRenderingEngine$2.run(PartRenderingEngine.java:711)
	at org.eclipse.core.runtime.SafeRunner.run(SafeRunner.java:42)
	at org.eclipse.e4.ui.internal.workbench.swt.PartRenderingEngine.createGui(PartRenderingEngine.java:695)
	at org.eclipse.e4.ui.workbench.renderers.swt.SWTPartRenderer.processContents(SWTPartRenderer.java:71)
	at org.eclipse.e4.ui.workbench.renderers.swt.SashRenderer.processContents(SashRenderer.java:151)
	at org.eclipse.e4.ui.internal.workbench.swt.PartRenderingEngine.safeCreateGui(PartRenderingEngine.java:654)
	at org.eclipse.e4.ui.internal.workbench.swt.PartRenderingEngine.safeCreateGui(PartRenderingEngine.java:746)
	at org.eclipse.e4.ui.internal.workbench.swt.PartRenderingEngine.access$0(PartRenderingEngine.java:717)
	at org.eclipse.e4.ui.internal.workbench.swt.PartRenderingEngine$2.run(PartRenderingEngine.java:711)
	at org.eclipse.core.runtime.SafeRunner.run(SafeRunner.java:42)
	at org.eclipse.e4.ui.internal.workbench.swt.PartRenderingEngine.createGui(PartRenderingEngine.java:695)
	at org.eclipse.e4.ui.workbench.renderers.swt.SWTPartRenderer.processContents(SWTPartRenderer.java:71)
	at org.eclipse.e4.ui.workbench.renderers.swt.SashRenderer.processContents(SashRenderer.java:151)
	at org.eclipse.e4.ui.internal.workbench.swt.PartRenderingEngine.safeCreateGui(PartRenderingEngine.java:654)
	at org.eclipse.e4.ui.internal.workbench.swt.PartRenderingEngine.safeCreateGui(PartRenderingEngine.java:746)
	at org.eclipse.e4.ui.internal.workbench.swt.PartRenderingEngine.access$0(PartRenderingEngine.java:717)
	at org.eclipse.e4.ui.internal.workbench.swt.PartRenderingEngine$2.run(PartRenderingEngine.java:711)
	at org.eclipse.core.runtime.SafeRunner.run(SafeRunner.java:42)
	at org.eclipse.e4.ui.internal.workbench.swt.PartRenderingEngine.createGui(PartRenderingEngine.java:695)
	at org.eclipse.e4.ui.workbench.renderers.swt.SWTPartRenderer.processContents(SWTPartRenderer.java:71)
	at org.eclipse.e4.ui.workbench.renderers.swt.SashRenderer.processContents(SashRenderer.java:151)
	at org.eclipse.e4.ui.internal.workbench.swt.PartRenderingEngine.safeCreateGui(PartRenderingEngine.java:654)
	at org.eclipse.e4.ui.internal.workbench.swt.PartRenderingEngine.safeCreateGui(PartRenderingEngine.java:746)
	at org.eclipse.e4.ui.internal.workbench.swt.PartRenderingEngine.access$0(PartRenderingEngine.java:717)
	at org.eclipse.e4.ui.internal.workbench.swt.PartRenderingEngine$2.run(PartRenderingEngine.java:711)
	at org.eclipse.core.runtime.SafeRunner.run(SafeRunner.java:42)
	at org.eclipse.e4.ui.internal.workbench.swt.PartRenderingEngine.createGui(PartRenderingEngine.java:695)
	at org.eclipse.e4.ui.workbench.renderers.swt.SWTPartRenderer.processContents(SWTPartRenderer.java:71)
	at org.eclipse.e4.ui.workbench.renderers.swt.SashRenderer.processContents(SashRenderer.java:151)
	at org.eclipse.e4.ui.internal.workbench.swt.PartRenderingEngine.safeCreateGui(PartRenderingEngine.java:654)
	at org.eclipse.e4.ui.internal.workbench.swt.PartRenderingEngine.safeCreateGui(PartRenderingEngine.java:746)
	at org.eclipse.e4.ui.internal.workbench.swt.PartRenderingEngine.access$0(PartRenderingEngine.java:717)
	at org.eclipse.e4.ui.internal.workbench.swt.PartRenderingEngine$2.run(PartRenderingEngine.java:711)
	at org.eclipse.core.runtime.SafeRunner.run(SafeRunner.java:42)
	at org.eclipse.e4.ui.internal.workbench.swt.PartRenderingEngine.createGui(PartRenderingEngine.java:695)
	at org.eclipse.e4.ui.workbench.renderers.swt.SWTPartRenderer.processContents(SWTPartRenderer.java:71)
	at org.eclipse.e4.ui.workbench.renderers.swt.SashRenderer.processContents(SashRenderer.java:151)
	at org.eclipse.e4.ui.internal.workbench.swt.PartRenderingEngine.safeCreateGui(PartRenderingEngine.java:654)
	at org.eclipse.e4.ui.internal.workbench.swt.PartRenderingEngine.safeCreateGui(PartRenderingEngine.java:746)
	at org.eclipse.e4.ui.internal.workbench.swt.PartRenderingEngine.access$0(PartRenderingEngine.java:717)
	at org.eclipse.e4.ui.internal.workbench.swt.PartRenderingEngine$2.run(PartRenderingEngine.java:711)
	at org.eclipse.core.runtime.SafeRunner.run(SafeRunner.java:42)
	at org.eclipse.e4.ui.internal.workbench.swt.PartRenderingEngine.createGui(PartRenderingEngine.java:695)
	at org.eclipse.e4.ui.workbench.renderers.swt.SWTPartRenderer.processContents(SWTPartRenderer.java:71)
	at org.eclipse.e4.ui.workbench.renderers.swt.SashRenderer.processContents(SashRenderer.java:151)
	at org.eclipse.e4.ui.internal.workbench.swt.PartRenderingEngine.safeCreateGui(PartRenderingEngine.java:654)
	at org.eclipse.e4.ui.internal.workbench.swt.PartRenderingEngine.safeCreateGui(PartRenderingEngine.java:746)
	at org.eclipse.e4.ui.internal.workbench.swt.PartRenderingEngine.access$0(PartRenderingEngine.java:717)
	at org.eclipse.e4.ui.internal.workbench.swt.PartRenderingEngine$2.run(PartRenderingEngine.java:711)
	at org.eclipse.core.runtime.SafeRunner.run(SafeRunner.java:42)
	at org.eclipse.e4.ui.internal.workbench.swt.PartRenderingEngine.createGui(PartRenderingEngine.java:695)
	at org.eclipse.e4.ui.workbench.renderers.swt.SWTPartRenderer.processContents(SWTPartRenderer.java:71)
	at org.eclipse.e4.ui.workbench.renderers.swt.PerspectiveRenderer.processContents(PerspectiveRenderer.java:49)
	at org.eclipse.e4.ui.internal.workbench.swt.PartRenderingEngine.safeCreateGui(PartRenderingEngine.java:654)
	at org.eclipse.e4.ui.internal.workbench.swt.PartRenderingEngine.safeCreateGui(PartRenderingEngine.java:746)
	at org.eclipse.e4.ui.internal.workbench.swt.PartRenderingEngine.access$0(PartRenderingEngine.java:717)
	at org.eclipse.e4.ui.internal.workbench.swt.PartRenderingEngine$2.run(PartRenderingEngine.java:711)
	at org.eclipse.core.runtime.SafeRunner.run(SafeRunner.java:42)
	at org.eclipse.e4.ui.internal.workbench.swt.PartRenderingEngine.createGui(PartRenderingEngine.java:695)
	at org.eclipse.e4.ui.workbench.renderers.swt.PerspectiveStackRenderer.showTab(PerspectiveStackRenderer.java:82)
	at org.eclipse.e4.ui.workbench.renderers.swt.LazyStackRenderer.postProcess(LazyStackRenderer.java:103)
	at org.eclipse.e4.ui.workbench.renderers.swt.PerspectiveStackRenderer.postProcess(PerspectiveStackRenderer.java:63)
	at org.eclipse.e4.ui.internal.workbench.swt.PartRenderingEngine.safeCreateGui(PartRenderingEngine.java:658)
	at org.eclipse.e4.ui.internal.workbench.swt.PartRenderingEngine.safeCreateGui(PartRenderingEngine.java:746)
	at org.eclipse.e4.ui.internal.workbench.swt.PartRenderingEngine.access$0(PartRenderingEngine.java:717)
	at org.eclipse.e4.ui.internal.workbench.swt.PartRenderingEngine$2.run(PartRenderingEngine.java:711)
	at org.eclipse.core.runtime.SafeRunner.run(SafeRunner.java:42)
	at org.eclipse.e4.ui.internal.workbench.swt.PartRenderingEngine.createGui(PartRenderingEngine.java:695)
	at org.eclipse.e4.ui.workbench.renderers.swt.SWTPartRenderer.processContents(SWTPartRenderer.java:71)
	at org.eclipse.e4.ui.workbench.renderers.swt.SashRenderer.processContents(SashRenderer.java:151)
	at org.eclipse.e4.ui.internal.workbench.swt.PartRenderingEngine.safeCreateGui(PartRenderingEngine.java:654)
	at org.eclipse.e4.ui.internal.workbench.swt.PartRenderingEngine.safeCreateGui(PartRenderingEngine.java:746)
	at org.eclipse.e4.ui.internal.workbench.swt.PartRenderingEngine.access$0(PartRenderingEngine.java:717)
	at org.eclipse.e4.ui.internal.workbench.swt.PartRenderingEngine$2.run(PartRenderingEngine.java:711)
	at org.eclipse.core.runtime.SafeRunner.run(SafeRunner.java:42)
	at org.eclipse.e4.ui.internal.workbench.swt.PartRenderingEngine.createGui(PartRenderingEngine.java:695)
	at org.eclipse.e4.ui.workbench.renderers.swt.SWTPartRenderer.processContents(SWTPartRenderer.java:71)
	at org.eclipse.e4.ui.workbench.renderers.swt.WBWRenderer.processContents(WBWRenderer.java:614)
	at org.eclipse.e4.ui.internal.workbench.swt.PartRenderingEngine.safeCreateGui(PartRenderingEngine.java:654)
	at org.eclipse.e4.ui.internal.workbench.swt.PartRenderingEngine.safeCreateGui(PartRenderingEngine.java:746)
	at org.eclipse.e4.ui.internal.workbench.swt.PartRenderingEngine.access$0(PartRenderingEngine.java:717)
	at org.eclipse.e4.ui.internal.workbench.swt.PartRenderingEngine$2.run(PartRenderingEngine.java:711)
	at org.eclipse.core.runtime.SafeRunner.run(SafeRunner.java:42)
	at org.eclipse.e4.ui.internal.workbench.swt.PartRenderingEngine.createGui(PartRenderingEngine.java:695)
	at org.eclipse.e4.ui.internal.workbench.swt.PartRenderingEngine$4.run(PartRenderingEngine.java:1061)
	at org.eclipse.core.databinding.observable.Realm.runWithDefault(Realm.java:337)
	at org.eclipse.e4.ui.internal.workbench.swt.PartRenderingEngine.run(PartRenderingEngine.java:1018)
	at org.eclipse.e4.ui.internal.workbench.E4Workbench.createAndRunUI(E4Workbench.java:156)
	at org.eclipse.ui.internal.Workbench$5.run(Workbench.java:654)
	at org.eclipse.core.databinding.observable.Realm.runWithDefault(Realm.java:337)
	at org.eclipse.ui.internal.Workbench.createAndRunWorkbench(Workbench.java:598)
	at org.eclipse.ui.PlatformUI.createAndRunWorkbench(PlatformUI.java:150)
	at org.eclipse.ui.internal.ide.application.IDEApplication.start(IDEApplication.java:139)
	at org.eclipse.equinox.internal.app.EclipseAppHandle.run(EclipseAppHandle.java:196)
	at org.eclipse.core.runtime.internal.adaptor.EclipseAppLauncher.runApplication(EclipseAppLauncher.java:134)
	at org.eclipse.core.runtime.internal.adaptor.EclipseAppLauncher.start(EclipseAppLauncher.java:104)
	at org.eclipse.core.runtime.adaptor.EclipseStarter.run(EclipseStarter.java:380)
	at org.eclipse.core.runtime.adaptor.EclipseStarter.run(EclipseStarter.java:235)
	at sun.reflect.NativeMethodAccessorImpl.invoke0(Native Method)
	at sun.reflect.NativeMethodAccessorImpl.invoke(Unknown Source)
	at sun.reflect.DelegatingMethodAccessorImpl.invoke(Unknown Source)
	at java.lang.reflect.Method.invoke(Unknown Source)
	at org.eclipse.equinox.launcher.Main.invokeFramework(Main.java:669)
	at org.eclipse.equinox.launcher.Main.basicRun(Main.java:608)
	at org.eclipse.equinox.launcher.Main.run(Main.java:1515)

!ENTRY org.eclipse.jface 4 0 2015-09-03 15:59:16.644
!MESSAGE Unable to resolve plug-in "platform:/plugin/org.testng.eclipse/icons/full/main16/testng_blur.gif".
!STACK 0
java.io.IOException: Unable to resolve plug-in "platform:/plugin/org.testng.eclipse/icons/full/main16/testng_blur.gif".
	at org.eclipse.core.internal.runtime.PlatformURLPluginConnection.parse(PlatformURLPluginConnection.java:65)
	at org.eclipse.core.internal.runtime.PlatformURLPluginConnection.resolve(PlatformURLPluginConnection.java:77)
	at org.eclipse.core.internal.boot.PlatformURLHandler.openConnection(PlatformURLHandler.java:69)
	at org.eclipse.osgi.internal.url.URLStreamHandlerProxy.openConnection(URLStreamHandlerProxy.java:114)
	at java.net.URL.openConnection(Unknown Source)
	at org.eclipse.core.internal.runtime.PlatformURLConverter.toFileURL(PlatformURLConverter.java:34)
	at org.eclipse.core.runtime.FileLocator.toFileURL(FileLocator.java:207)
	at org.eclipse.jface.resource.URLImageDescriptor.getFilePath(URLImageDescriptor.java:219)
	at org.eclipse.jface.resource.URLImageDescriptor.createImage(URLImageDescriptor.java:283)
	at org.eclipse.jface.resource.ImageDescriptor.createImage(ImageDescriptor.java:224)
	at org.eclipse.jface.resource.ImageDescriptor.createImage(ImageDescriptor.java:202)
	at org.eclipse.e4.ui.workbench.renderers.swt.SWTPartRenderer.getImageFromURI(SWTPartRenderer.java:225)
	at org.eclipse.e4.ui.workbench.renderers.swt.SWTPartRenderer.getImage(SWTPartRenderer.java:236)
	at org.eclipse.e4.ui.workbench.renderers.swt.StackRenderer.createTab(StackRenderer.java:877)
	at org.eclipse.e4.ui.workbench.renderers.swt.LazyStackRenderer.processContents(LazyStackRenderer.java:139)
	at org.eclipse.e4.ui.internal.workbench.swt.PartRenderingEngine.safeCreateGui(PartRenderingEngine.java:654)
	at org.eclipse.e4.ui.internal.workbench.swt.PartRenderingEngine.safeCreateGui(PartRenderingEngine.java:746)
	at org.eclipse.e4.ui.internal.workbench.swt.PartRenderingEngine.access$0(PartRenderingEngine.java:717)
	at org.eclipse.e4.ui.internal.workbench.swt.PartRenderingEngine$2.run(PartRenderingEngine.java:711)
	at org.eclipse.core.runtime.SafeRunner.run(SafeRunner.java:42)
	at org.eclipse.e4.ui.internal.workbench.swt.PartRenderingEngine.createGui(PartRenderingEngine.java:695)
	at org.eclipse.e4.ui.workbench.renderers.swt.SWTPartRenderer.processContents(SWTPartRenderer.java:71)
	at org.eclipse.e4.ui.workbench.renderers.swt.SashRenderer.processContents(SashRenderer.java:151)
	at org.eclipse.e4.ui.internal.workbench.swt.PartRenderingEngine.safeCreateGui(PartRenderingEngine.java:654)
	at org.eclipse.e4.ui.internal.workbench.swt.PartRenderingEngine.safeCreateGui(PartRenderingEngine.java:746)
	at org.eclipse.e4.ui.internal.workbench.swt.PartRenderingEngine.access$0(PartRenderingEngine.java:717)
	at org.eclipse.e4.ui.internal.workbench.swt.PartRenderingEngine$2.run(PartRenderingEngine.java:711)
	at org.eclipse.core.runtime.SafeRunner.run(SafeRunner.java:42)
	at org.eclipse.e4.ui.internal.workbench.swt.PartRenderingEngine.createGui(PartRenderingEngine.java:695)
	at org.eclipse.e4.ui.workbench.renderers.swt.SWTPartRenderer.processContents(SWTPartRenderer.java:71)
	at org.eclipse.e4.ui.workbench.renderers.swt.SashRenderer.processContents(SashRenderer.java:151)
	at org.eclipse.e4.ui.internal.workbench.swt.PartRenderingEngine.safeCreateGui(PartRenderingEngine.java:654)
	at org.eclipse.e4.ui.internal.workbench.swt.PartRenderingEngine.safeCreateGui(PartRenderingEngine.java:746)
	at org.eclipse.e4.ui.internal.workbench.swt.PartRenderingEngine.access$0(PartRenderingEngine.java:717)
	at org.eclipse.e4.ui.internal.workbench.swt.PartRenderingEngine$2.run(PartRenderingEngine.java:711)
	at org.eclipse.core.runtime.SafeRunner.run(SafeRunner.java:42)
	at org.eclipse.e4.ui.internal.workbench.swt.PartRenderingEngine.createGui(PartRenderingEngine.java:695)
	at org.eclipse.e4.ui.workbench.renderers.swt.SWTPartRenderer.processContents(SWTPartRenderer.java:71)
	at org.eclipse.e4.ui.workbench.renderers.swt.SashRenderer.processContents(SashRenderer.java:151)
	at org.eclipse.e4.ui.internal.workbench.swt.PartRenderingEngine.safeCreateGui(PartRenderingEngine.java:654)
	at org.eclipse.e4.ui.internal.workbench.swt.PartRenderingEngine.safeCreateGui(PartRenderingEngine.java:746)
	at org.eclipse.e4.ui.internal.workbench.swt.PartRenderingEngine.access$0(PartRenderingEngine.java:717)
	at org.eclipse.e4.ui.internal.workbench.swt.PartRenderingEngine$2.run(PartRenderingEngine.java:711)
	at org.eclipse.core.runtime.SafeRunner.run(SafeRunner.java:42)
	at org.eclipse.e4.ui.internal.workbench.swt.PartRenderingEngine.createGui(PartRenderingEngine.java:695)
	at org.eclipse.e4.ui.workbench.renderers.swt.SWTPartRenderer.processContents(SWTPartRenderer.java:71)
	at org.eclipse.e4.ui.workbench.renderers.swt.SashRenderer.processContents(SashRenderer.java:151)
	at org.eclipse.e4.ui.internal.workbench.swt.PartRenderingEngine.safeCreateGui(PartRenderingEngine.java:654)
	at org.eclipse.e4.ui.internal.workbench.swt.PartRenderingEngine.safeCreateGui(PartRenderingEngine.java:746)
	at org.eclipse.e4.ui.internal.workbench.swt.PartRenderingEngine.access$0(PartRenderingEngine.java:717)
	at org.eclipse.e4.ui.internal.workbench.swt.PartRenderingEngine$2.run(PartRenderingEngine.java:711)
	at org.eclipse.core.runtime.SafeRunner.run(SafeRunner.java:42)
	at org.eclipse.e4.ui.internal.workbench.swt.PartRenderingEngine.createGui(PartRenderingEngine.java:695)
	at org.eclipse.e4.ui.workbench.renderers.swt.SWTPartRenderer.processContents(SWTPartRenderer.java:71)
	at org.eclipse.e4.ui.workbench.renderers.swt.SashRenderer.processContents(SashRenderer.java:151)
	at org.eclipse.e4.ui.internal.workbench.swt.PartRenderingEngine.safeCreateGui(PartRenderingEngine.java:654)
	at org.eclipse.e4.ui.internal.workbench.swt.PartRenderingEngine.safeCreateGui(PartRenderingEngine.java:746)
	at org.eclipse.e4.ui.internal.workbench.swt.PartRenderingEngine.access$0(PartRenderingEngine.java:717)
	at org.eclipse.e4.ui.internal.workbench.swt.PartRenderingEngine$2.run(PartRenderingEngine.java:711)
	at org.eclipse.core.runtime.SafeRunner.run(SafeRunner.java:42)
	at org.eclipse.e4.ui.internal.workbench.swt.PartRenderingEngine.createGui(PartRenderingEngine.java:695)
	at org.eclipse.e4.ui.workbench.renderers.swt.SWTPartRenderer.processContents(SWTPartRenderer.java:71)
	at org.eclipse.e4.ui.workbench.renderers.swt.SashRenderer.processContents(SashRenderer.java:151)
	at org.eclipse.e4.ui.internal.workbench.swt.PartRenderingEngine.safeCreateGui(PartRenderingEngine.java:654)
	at org.eclipse.e4.ui.internal.workbench.swt.PartRenderingEngine.safeCreateGui(PartRenderingEngine.java:746)
	at org.eclipse.e4.ui.internal.workbench.swt.PartRenderingEngine.access$0(PartRenderingEngine.java:717)
	at org.eclipse.e4.ui.internal.workbench.swt.PartRenderingEngine$2.run(PartRenderingEngine.java:711)
	at org.eclipse.core.runtime.SafeRunner.run(SafeRunner.java:42)
	at org.eclipse.e4.ui.internal.workbench.swt.PartRenderingEngine.createGui(PartRenderingEngine.java:695)
	at org.eclipse.e4.ui.workbench.renderers.swt.SWTPartRenderer.processContents(SWTPartRenderer.java:71)
	at org.eclipse.e4.ui.workbench.renderers.swt.SashRenderer.processContents(SashRenderer.java:151)
	at org.eclipse.e4.ui.internal.workbench.swt.PartRenderingEngine.safeCreateGui(PartRenderingEngine.java:654)
	at org.eclipse.e4.ui.internal.workbench.swt.PartRenderingEngine.safeCreateGui(PartRenderingEngine.java:746)
	at org.eclipse.e4.ui.internal.workbench.swt.PartRenderingEngine.access$0(PartRenderingEngine.java:717)
	at org.eclipse.e4.ui.internal.workbench.swt.PartRenderingEngine$2.run(PartRenderingEngine.java:711)
	at org.eclipse.core.runtime.SafeRunner.run(SafeRunner.java:42)
	at org.eclipse.e4.ui.internal.workbench.swt.PartRenderingEngine.createGui(PartRenderingEngine.java:695)
	at org.eclipse.e4.ui.workbench.renderers.swt.SWTPartRenderer.processContents(SWTPartRenderer.java:71)
	at org.eclipse.e4.ui.workbench.renderers.swt.PerspectiveRenderer.processContents(PerspectiveRenderer.java:49)
	at org.eclipse.e4.ui.internal.workbench.swt.PartRenderingEngine.safeCreateGui(PartRenderingEngine.java:654)
	at org.eclipse.e4.ui.internal.workbench.swt.PartRenderingEngine.safeCreateGui(PartRenderingEngine.java:746)
	at org.eclipse.e4.ui.internal.workbench.swt.PartRenderingEngine.access$0(PartRenderingEngine.java:717)
	at org.eclipse.e4.ui.internal.workbench.swt.PartRenderingEngine$2.run(PartRenderingEngine.java:711)
	at org.eclipse.core.runtime.SafeRunner.run(SafeRunner.java:42)
	at org.eclipse.e4.ui.internal.workbench.swt.PartRenderingEngine.createGui(PartRenderingEngine.java:695)
	at org.eclipse.e4.ui.workbench.renderers.swt.PerspectiveStackRenderer.showTab(PerspectiveStackRenderer.java:82)
	at org.eclipse.e4.ui.workbench.renderers.swt.LazyStackRenderer.postProcess(LazyStackRenderer.java:103)
	at org.eclipse.e4.ui.workbench.renderers.swt.PerspectiveStackRenderer.postProcess(PerspectiveStackRenderer.java:63)
	at org.eclipse.e4.ui.internal.workbench.swt.PartRenderingEngine.safeCreateGui(PartRenderingEngine.java:658)
	at org.eclipse.e4.ui.internal.workbench.swt.PartRenderingEngine.safeCreateGui(PartRenderingEngine.java:746)
	at org.eclipse.e4.ui.internal.workbench.swt.PartRenderingEngine.access$0(PartRenderingEngine.java:717)
	at org.eclipse.e4.ui.internal.workbench.swt.PartRenderingEngine$2.run(PartRenderingEngine.java:711)
	at org.eclipse.core.runtime.SafeRunner.run(SafeRunner.java:42)
	at org.eclipse.e4.ui.internal.workbench.swt.PartRenderingEngine.createGui(PartRenderingEngine.java:695)
	at org.eclipse.e4.ui.workbench.renderers.swt.SWTPartRenderer.processContents(SWTPartRenderer.java:71)
	at org.eclipse.e4.ui.workbench.renderers.swt.SashRenderer.processContents(SashRenderer.java:151)
	at org.eclipse.e4.ui.internal.workbench.swt.PartRenderingEngine.safeCreateGui(PartRenderingEngine.java:654)
	at org.eclipse.e4.ui.internal.workbench.swt.PartRenderingEngine.safeCreateGui(PartRenderingEngine.java:746)
	at org.eclipse.e4.ui.internal.workbench.swt.PartRenderingEngine.access$0(PartRenderingEngine.java:717)
	at org.eclipse.e4.ui.internal.workbench.swt.PartRenderingEngine$2.run(PartRenderingEngine.java:711)
	at org.eclipse.core.runtime.SafeRunner.run(SafeRunner.java:42)
	at org.eclipse.e4.ui.internal.workbench.swt.PartRenderingEngine.createGui(PartRenderingEngine.java:695)
	at org.eclipse.e4.ui.workbench.renderers.swt.SWTPartRenderer.processContents(SWTPartRenderer.java:71)
	at org.eclipse.e4.ui.workbench.renderers.swt.WBWRenderer.processContents(WBWRenderer.java:614)
	at org.eclipse.e4.ui.internal.workbench.swt.PartRenderingEngine.safeCreateGui(PartRenderingEngine.java:654)
	at org.eclipse.e4.ui.internal.workbench.swt.PartRenderingEngine.safeCreateGui(PartRenderingEngine.java:746)
	at org.eclipse.e4.ui.internal.workbench.swt.PartRenderingEngine.access$0(PartRenderingEngine.java:717)
	at org.eclipse.e4.ui.internal.workbench.swt.PartRenderingEngine$2.run(PartRenderingEngine.java:711)
	at org.eclipse.core.runtime.SafeRunner.run(SafeRunner.java:42)
	at org.eclipse.e4.ui.internal.workbench.swt.PartRenderingEngine.createGui(PartRenderingEngine.java:695)
	at org.eclipse.e4.ui.internal.workbench.swt.PartRenderingEngine$4.run(PartRenderingEngine.java:1061)
	at org.eclipse.core.databinding.observable.Realm.runWithDefault(Realm.java:337)
	at org.eclipse.e4.ui.internal.workbench.swt.PartRenderingEngine.run(PartRenderingEngine.java:1018)
	at org.eclipse.e4.ui.internal.workbench.E4Workbench.createAndRunUI(E4Workbench.java:156)
	at org.eclipse.ui.internal.Workbench$5.run(Workbench.java:654)
	at org.eclipse.core.databinding.observable.Realm.runWithDefault(Realm.java:337)
	at org.eclipse.ui.internal.Workbench.createAndRunWorkbench(Workbench.java:598)
	at org.eclipse.ui.PlatformUI.createAndRunWorkbench(PlatformUI.java:150)
	at org.eclipse.ui.internal.ide.application.IDEApplication.start(IDEApplication.java:139)
	at org.eclipse.equinox.internal.app.EclipseAppHandle.run(EclipseAppHandle.java:196)
	at org.eclipse.core.runtime.internal.adaptor.EclipseAppLauncher.runApplication(EclipseAppLauncher.java:134)
	at org.eclipse.core.runtime.internal.adaptor.EclipseAppLauncher.start(EclipseAppLauncher.java:104)
	at org.eclipse.core.runtime.adaptor.EclipseStarter.run(EclipseStarter.java:380)
	at org.eclipse.core.runtime.adaptor.EclipseStarter.run(EclipseStarter.java:235)
	at sun.reflect.NativeMethodAccessorImpl.invoke0(Native Method)
	at sun.reflect.NativeMethodAccessorImpl.invoke(Unknown Source)
	at sun.reflect.DelegatingMethodAccessorImpl.invoke(Unknown Source)
	at java.lang.reflect.Method.invoke(Unknown Source)
	at org.eclipse.equinox.launcher.Main.invokeFramework(Main.java:669)
	at org.eclipse.equinox.launcher.Main.basicRun(Main.java:608)
	at org.eclipse.equinox.launcher.Main.run(Main.java:1515)

!ENTRY org.eclipse.core.runtime 4 0 2015-09-03 15:59:16.652
!MESSAGE Invalid input url:platform:/plugin/org.testng.eclipse/icons/full/main16/testng_blur.gif
!STACK 0
java.io.IOException: Unable to resolve plug-in "platform:/plugin/org.testng.eclipse/icons/full/main16/testng_blur.gif".
	at org.eclipse.core.internal.runtime.PlatformURLPluginConnection.parse(PlatformURLPluginConnection.java:65)
	at org.eclipse.core.internal.runtime.FindSupport.find(FindSupport.java:290)
	at org.eclipse.core.runtime.FileLocator.find(FileLocator.java:152)
	at org.eclipse.jface.resource.URLImageDescriptor.getStream(URLImageDescriptor.java:140)
	at org.eclipse.jface.resource.URLImageDescriptor.getImageData(URLImageDescriptor.java:105)
	at org.eclipse.jface.resource.URLImageDescriptor.getImageData(URLImageDescriptor.java:100)
	at org.eclipse.jface.resource.ImageDescriptor.createImage(ImageDescriptor.java:270)
	at org.eclipse.jface.resource.URLImageDescriptor.createImage(URLImageDescriptor.java:291)
	at org.eclipse.jface.resource.ImageDescriptor.createImage(ImageDescriptor.java:224)
	at org.eclipse.jface.resource.ImageDescriptor.createImage(ImageDescriptor.java:202)
	at org.eclipse.e4.ui.workbench.renderers.swt.SWTPartRenderer.getImageFromURI(SWTPartRenderer.java:225)
	at org.eclipse.e4.ui.workbench.renderers.swt.SWTPartRenderer.getImage(SWTPartRenderer.java:236)
	at org.eclipse.e4.ui.workbench.renderers.swt.StackRenderer.createTab(StackRenderer.java:877)
	at org.eclipse.e4.ui.workbench.renderers.swt.LazyStackRenderer.processContents(LazyStackRenderer.java:139)
	at org.eclipse.e4.ui.internal.workbench.swt.PartRenderingEngine.safeCreateGui(PartRenderingEngine.java:654)
	at org.eclipse.e4.ui.internal.workbench.swt.PartRenderingEngine.safeCreateGui(PartRenderingEngine.java:746)
	at org.eclipse.e4.ui.internal.workbench.swt.PartRenderingEngine.access$0(PartRenderingEngine.java:717)
	at org.eclipse.e4.ui.internal.workbench.swt.PartRenderingEngine$2.run(PartRenderingEngine.java:711)
	at org.eclipse.core.runtime.SafeRunner.run(SafeRunner.java:42)
	at org.eclipse.e4.ui.internal.workbench.swt.PartRenderingEngine.createGui(PartRenderingEngine.java:695)
	at org.eclipse.e4.ui.workbench.renderers.swt.SWTPartRenderer.processContents(SWTPartRenderer.java:71)
	at org.eclipse.e4.ui.workbench.renderers.swt.SashRenderer.processContents(SashRenderer.java:151)
	at org.eclipse.e4.ui.internal.workbench.swt.PartRenderingEngine.safeCreateGui(PartRenderingEngine.java:654)
	at org.eclipse.e4.ui.internal.workbench.swt.PartRenderingEngine.safeCreateGui(PartRenderingEngine.java:746)
	at org.eclipse.e4.ui.internal.workbench.swt.PartRenderingEngine.access$0(PartRenderingEngine.java:717)
	at org.eclipse.e4.ui.internal.workbench.swt.PartRenderingEngine$2.run(PartRenderingEngine.java:711)
	at org.eclipse.core.runtime.SafeRunner.run(SafeRunner.java:42)
	at org.eclipse.e4.ui.internal.workbench.swt.PartRenderingEngine.createGui(PartRenderingEngine.java:695)
	at org.eclipse.e4.ui.workbench.renderers.swt.SWTPartRenderer.processContents(SWTPartRenderer.java:71)
	at org.eclipse.e4.ui.workbench.renderers.swt.SashRenderer.processContents(SashRenderer.java:151)
	at org.eclipse.e4.ui.internal.workbench.swt.PartRenderingEngine.safeCreateGui(PartRenderingEngine.java:654)
	at org.eclipse.e4.ui.internal.workbench.swt.PartRenderingEngine.safeCreateGui(PartRenderingEngine.java:746)
	at org.eclipse.e4.ui.internal.workbench.swt.PartRenderingEngine.access$0(PartRenderingEngine.java:717)
	at org.eclipse.e4.ui.internal.workbench.swt.PartRenderingEngine$2.run(PartRenderingEngine.java:711)
	at org.eclipse.core.runtime.SafeRunner.run(SafeRunner.java:42)
	at org.eclipse.e4.ui.internal.workbench.swt.PartRenderingEngine.createGui(PartRenderingEngine.java:695)
	at org.eclipse.e4.ui.workbench.renderers.swt.SWTPartRenderer.processContents(SWTPartRenderer.java:71)
	at org.eclipse.e4.ui.workbench.renderers.swt.SashRenderer.processContents(SashRenderer.java:151)
	at org.eclipse.e4.ui.internal.workbench.swt.PartRenderingEngine.safeCreateGui(PartRenderingEngine.java:654)
	at org.eclipse.e4.ui.internal.workbench.swt.PartRenderingEngine.safeCreateGui(PartRenderingEngine.java:746)
	at org.eclipse.e4.ui.internal.workbench.swt.PartRenderingEngine.access$0(PartRenderingEngine.java:717)
	at org.eclipse.e4.ui.internal.workbench.swt.PartRenderingEngine$2.run(PartRenderingEngine.java:711)
	at org.eclipse.core.runtime.SafeRunner.run(SafeRunner.java:42)
	at org.eclipse.e4.ui.internal.workbench.swt.PartRenderingEngine.createGui(PartRenderingEngine.java:695)
	at org.eclipse.e4.ui.workbench.renderers.swt.SWTPartRenderer.processContents(SWTPartRenderer.java:71)
	at org.eclipse.e4.ui.workbench.renderers.swt.SashRenderer.processContents(SashRenderer.java:151)
	at org.eclipse.e4.ui.internal.workbench.swt.PartRenderingEngine.safeCreateGui(PartRenderingEngine.java:654)
	at org.eclipse.e4.ui.internal.workbench.swt.PartRenderingEngine.safeCreateGui(PartRenderingEngine.java:746)
	at org.eclipse.e4.ui.internal.workbench.swt.PartRenderingEngine.access$0(PartRenderingEngine.java:717)
	at org.eclipse.e4.ui.internal.workbench.swt.PartRenderingEngine$2.run(PartRenderingEngine.java:711)
	at org.eclipse.core.runtime.SafeRunner.run(SafeRunner.java:42)
	at org.eclipse.e4.ui.internal.workbench.swt.PartRenderingEngine.createGui(PartRenderingEngine.java:695)
	at org.eclipse.e4.ui.workbench.renderers.swt.SWTPartRenderer.processContents(SWTPartRenderer.java:71)
	at org.eclipse.e4.ui.workbench.renderers.swt.SashRenderer.processContents(SashRenderer.java:151)
	at org.eclipse.e4.ui.internal.workbench.swt.PartRenderingEngine.safeCreateGui(PartRenderingEngine.java:654)
	at org.eclipse.e4.ui.internal.workbench.swt.PartRenderingEngine.safeCreateGui(PartRenderingEngine.java:746)
	at org.eclipse.e4.ui.internal.workbench.swt.PartRenderingEngine.access$0(PartRenderingEngine.java:717)
	at org.eclipse.e4.ui.internal.workbench.swt.PartRenderingEngine$2.run(PartRenderingEngine.java:711)
	at org.eclipse.core.runtime.SafeRunner.run(SafeRunner.java:42)
	at org.eclipse.e4.ui.internal.workbench.swt.PartRenderingEngine.createGui(PartRenderingEngine.java:695)
	at org.eclipse.e4.ui.workbench.renderers.swt.SWTPartRenderer.processContents(SWTPartRenderer.java:71)
	at org.eclipse.e4.ui.workbench.renderers.swt.SashRenderer.processContents(SashRenderer.java:151)
	at org.eclipse.e4.ui.internal.workbench.swt.PartRenderingEngine.safeCreateGui(PartRenderingEngine.java:654)
	at org.eclipse.e4.ui.internal.workbench.swt.PartRenderingEngine.safeCreateGui(PartRenderingEngine.java:746)
	at org.eclipse.e4.ui.internal.workbench.swt.PartRenderingEngine.access$0(PartRenderingEngine.java:717)
	at org.eclipse.e4.ui.internal.workbench.swt.PartRenderingEngine$2.run(PartRenderingEngine.java:711)
	at org.eclipse.core.runtime.SafeRunner.run(SafeRunner.java:42)
	at org.eclipse.e4.ui.internal.workbench.swt.PartRenderingEngine.createGui(PartRenderingEngine.java:695)
	at org.eclipse.e4.ui.workbench.renderers.swt.SWTPartRenderer.processContents(SWTPartRenderer.java:71)
	at org.eclipse.e4.ui.workbench.renderers.swt.SashRenderer.processContents(SashRenderer.java:151)
	at org.eclipse.e4.ui.internal.workbench.swt.PartRenderingEngine.safeCreateGui(PartRenderingEngine.java:654)
	at org.eclipse.e4.ui.internal.workbench.swt.PartRenderingEngine.safeCreateGui(PartRenderingEngine.java:746)
	at org.eclipse.e4.ui.internal.workbench.swt.PartRenderingEngine.access$0(PartRenderingEngine.java:717)
	at org.eclipse.e4.ui.internal.workbench.swt.PartRenderingEngine$2.run(PartRenderingEngine.java:711)
	at org.eclipse.core.runtime.SafeRunner.run(SafeRunner.java:42)
	at org.eclipse.e4.ui.internal.workbench.swt.PartRenderingEngine.createGui(PartRenderingEngine.java:695)
	at org.eclipse.e4.ui.workbench.renderers.swt.SWTPartRenderer.processContents(SWTPartRenderer.java:71)
	at org.eclipse.e4.ui.workbench.renderers.swt.PerspectiveRenderer.processContents(PerspectiveRenderer.java:49)
	at org.eclipse.e4.ui.internal.workbench.swt.PartRenderingEngine.safeCreateGui(PartRenderingEngine.java:654)
	at org.eclipse.e4.ui.internal.workbench.swt.PartRenderingEngine.safeCreateGui(PartRenderingEngine.java:746)
	at org.eclipse.e4.ui.internal.workbench.swt.PartRenderingEngine.access$0(PartRenderingEngine.java:717)
	at org.eclipse.e4.ui.internal.workbench.swt.PartRenderingEngine$2.run(PartRenderingEngine.java:711)
	at org.eclipse.core.runtime.SafeRunner.run(SafeRunner.java:42)
	at org.eclipse.e4.ui.internal.workbench.swt.PartRenderingEngine.createGui(PartRenderingEngine.java:695)
	at org.eclipse.e4.ui.workbench.renderers.swt.PerspectiveStackRenderer.showTab(PerspectiveStackRenderer.java:82)
	at org.eclipse.e4.ui.workbench.renderers.swt.LazyStackRenderer.postProcess(LazyStackRenderer.java:103)
	at org.eclipse.e4.ui.workbench.renderers.swt.PerspectiveStackRenderer.postProcess(PerspectiveStackRenderer.java:63)
	at org.eclipse.e4.ui.internal.workbench.swt.PartRenderingEngine.safeCreateGui(PartRenderingEngine.java:658)
	at org.eclipse.e4.ui.internal.workbench.swt.PartRenderingEngine.safeCreateGui(PartRenderingEngine.java:746)
	at org.eclipse.e4.ui.internal.workbench.swt.PartRenderingEngine.access$0(PartRenderingEngine.java:717)
	at org.eclipse.e4.ui.internal.workbench.swt.PartRenderingEngine$2.run(PartRenderingEngine.java:711)
	at org.eclipse.core.runtime.SafeRunner.run(SafeRunner.java:42)
	at org.eclipse.e4.ui.internal.workbench.swt.PartRenderingEngine.createGui(PartRenderingEngine.java:695)
	at org.eclipse.e4.ui.workbench.renderers.swt.SWTPartRenderer.processContents(SWTPartRenderer.java:71)
	at org.eclipse.e4.ui.workbench.renderers.swt.SashRenderer.processContents(SashRenderer.java:151)
	at org.eclipse.e4.ui.internal.workbench.swt.PartRenderingEngine.safeCreateGui(PartRenderingEngine.java:654)
	at org.eclipse.e4.ui.internal.workbench.swt.PartRenderingEngine.safeCreateGui(PartRenderingEngine.java:746)
	at org.eclipse.e4.ui.internal.workbench.swt.PartRenderingEngine.access$0(PartRenderingEngine.java:717)
	at org.eclipse.e4.ui.internal.workbench.swt.PartRenderingEngine$2.run(PartRenderingEngine.java:711)
	at org.eclipse.core.runtime.SafeRunner.run(SafeRunner.java:42)
	at org.eclipse.e4.ui.internal.workbench.swt.PartRenderingEngine.createGui(PartRenderingEngine.java:695)
	at org.eclipse.e4.ui.workbench.renderers.swt.SWTPartRenderer.processContents(SWTPartRenderer.java:71)
	at org.eclipse.e4.ui.workbench.renderers.swt.WBWRenderer.processContents(WBWRenderer.java:614)
	at org.eclipse.e4.ui.internal.workbench.swt.PartRenderingEngine.safeCreateGui(PartRenderingEngine.java:654)
	at org.eclipse.e4.ui.internal.workbench.swt.PartRenderingEngine.safeCreateGui(PartRenderingEngine.java:746)
	at org.eclipse.e4.ui.internal.workbench.swt.PartRenderingEngine.access$0(PartRenderingEngine.java:717)
	at org.eclipse.e4.ui.internal.workbench.swt.PartRenderingEngine$2.run(PartRenderingEngine.java:711)
	at org.eclipse.core.runtime.SafeRunner.run(SafeRunner.java:42)
	at org.eclipse.e4.ui.internal.workbench.swt.PartRenderingEngine.createGui(PartRenderingEngine.java:695)
	at org.eclipse.e4.ui.internal.workbench.swt.PartRenderingEngine$4.run(PartRenderingEngine.java:1061)
	at org.eclipse.core.databinding.observable.Realm.runWithDefault(Realm.java:337)
	at org.eclipse.e4.ui.internal.workbench.swt.PartRenderingEngine.run(PartRenderingEngine.java:1018)
	at org.eclipse.e4.ui.internal.workbench.E4Workbench.createAndRunUI(E4Workbench.java:156)
	at org.eclipse.ui.internal.Workbench$5.run(Workbench.java:654)
	at org.eclipse.core.databinding.observable.Realm.runWithDefault(Realm.java:337)
	at org.eclipse.ui.internal.Workbench.createAndRunWorkbench(Workbench.java:598)
	at org.eclipse.ui.PlatformUI.createAndRunWorkbench(PlatformUI.java:150)
	at org.eclipse.ui.internal.ide.application.IDEApplication.start(IDEApplication.java:139)
	at org.eclipse.equinox.internal.app.EclipseAppHandle.run(EclipseAppHandle.java:196)
	at org.eclipse.core.runtime.internal.adaptor.EclipseAppLauncher.runApplication(EclipseAppLauncher.java:134)
	at org.eclipse.core.runtime.internal.adaptor.EclipseAppLauncher.start(EclipseAppLauncher.java:104)
	at org.eclipse.core.runtime.adaptor.EclipseStarter.run(EclipseStarter.java:380)
	at org.eclipse.core.runtime.adaptor.EclipseStarter.run(EclipseStarter.java:235)
	at sun.reflect.NativeMethodAccessorImpl.invoke0(Native Method)
	at sun.reflect.NativeMethodAccessorImpl.invoke(Unknown Source)
	at sun.reflect.DelegatingMethodAccessorImpl.invoke(Unknown Source)
	at java.lang.reflect.Method.invoke(Unknown Source)
	at org.eclipse.equinox.launcher.Main.invokeFramework(Main.java:669)
	at org.eclipse.equinox.launcher.Main.basicRun(Main.java:608)
	at org.eclipse.equinox.launcher.Main.run(Main.java:1515)

!ENTRY org.eclipse.egit.ui 2 0 2015-09-03 15:59:23.251
!MESSAGE Warning: The environment variable HOME is not set. The following directory will be used to store the Git
user global configuration and to define the default location to store repositories: 'C:\Users\skrylova'. If this is
not correct please set the HOME environment variable and restart Eclipse. Otherwise Git for Windows and
EGit might behave differently since they see different configuration options.
This warning can be switched off on the Team > Git > Confirmations and Warnings preference page.
!SESSION 2015-09-03 16:00:29.328 -----------------------------------------------
eclipse.buildId=4.5.0.I20150603-2000
java.version=1.8.0_60
java.vendor=Oracle Corporation
BootLoader constants: OS=win32, ARCH=x86_64, WS=win32, NL=en_US
Framework arguments:  -product org.eclipse.epp.package.jee.product -product org.eclipse.epp.package.jee.product -product org.eclipse.epp.package.jee.product
Command-line arguments:  -os win32 -ws win32 -arch x86_64 -product org.eclipse.epp.package.jee.product -product org.eclipse.epp.package.jee.product -data file:/D:/skrylova/tests/test-java-25-spkrylova/ -product org.eclipse.epp.package.jee.product

!ENTRY org.eclipse.egit.ui 2 0 2015-09-03 16:00:56.485
!MESSAGE Warning: The environment variable HOME is not set. The following directory will be used to store the Git
user global configuration and to define the default location to store repositories: 'C:\Users\skrylova'. If this is
not correct please set the HOME environment variable and restart Eclipse. Otherwise Git for Windows and
EGit might behave differently since they see different configuration options.
This warning can be switched off on the Team > Git > Confirmations and Warnings preference page.

!ENTRY org.testng.eclipse 1 0 2015-09-03 16:01:20.165
!MESSAGE [TestNGLaunchShortcut] Examining Java element:[Working copy] GroupCreationTests.java [in com.example.tests [in src [in addressbook-selenium-tests]]]
  package com.example.tests
  import java.util.regex.Pattern
  import org.testng.annotations.Test
  class GroupCreationTests
    void testNonEmptyGroupCreation()
    void testEmptyGroupCreation()

!ENTRY org.testng.eclipse 1 0 2015-09-03 16:01:21.313
!MESSAGE [TestNGLaunchConfigurationDelegate] Launching:
  Classpath: D:\skrylova\tests\test-java-25-spkrylova\addressbook-selenium-tests\bin C:\Users\skrylova\Downloads\selenium-server-standalone-2.47.1.jar
  VMArgs:    -ea
  Class:     org.testng.remote.RemoteTestNG
  Args:      -serport 60336 -d D:\skrylova\tests\test-java-25-spkrylova\addressbook-selenium-tests\test-output C:\Users\skrylova\AppData\Local\Temp\testng-eclipse-566017746\testng-customsuite.xml
java -ea -classpath D:\skrylova\tests\test-java-25-spkrylova\addressbook-selenium-tests\bin:C:\Users\skrylova\Downloads\selenium-server-standalone-2.47.1.jar org.testng.remote.RemoteTestNG -serport 60336 -d D:\skrylova\tests\test-java-25-spkrylova\addressbook-selenium-tests\test-output C:\Users\skrylova\AppData\Local\Temp\testng-eclipse-566017746\testng-customsuite.xml

!ENTRY org.testng.eclipse 1 0 2015-09-03 16:01:58.519
!MESSAGE [TestNGLaunchConfigurationDelegate] Launching:
  Classpath: D:\skrylova\tests\test-java-25-spkrylova\addressbook-selenium-tests\bin C:\Users\skrylova\Downloads\selenium-server-standalone-2.47.1.jar
  VMArgs:    -ea
  Class:     org.testng.remote.RemoteTestNG
  Args:      -serport 60352 -d D:\skrylova\tests\test-java-25-spkrylova\addressbook-selenium-tests\test-output C:\Users\skrylova\AppData\Local\Temp\testng-eclipse-470276567\testng-customsuite.xml
java -ea -classpath D:\skrylova\tests\test-java-25-spkrylova\addressbook-selenium-tests\bin:C:\Users\skrylova\Downloads\selenium-server-standalone-2.47.1.jar org.testng.remote.RemoteTestNG -serport 60352 -d D:\skrylova\tests\test-java-25-spkrylova\addressbook-selenium-tests\test-output C:\Users\skrylova\AppData\Local\Temp\testng-eclipse-470276567\testng-customsuite.xml

!ENTRY org.testng.eclipse 1 0 2015-09-03 16:05:21.540
!MESSAGE [TestNGLaunchShortcut] Examining Java element:GroupCreationTests.java [in com.example.tests [in src [in addressbook-selenium-tests]]]
  package com.example.tests
  import java.util.regex.Pattern
  import org.testng.annotations.Test
  class GroupCreationTests
    void testNonEmptyGroupCreation()
    void testEmptyGroupCreation()

!ENTRY org.testng.eclipse 1 0 2015-09-03 16:05:21.634
!MESSAGE [TestNGLaunchConfigurationDelegate] Launching:
  Classpath: D:\skrylova\tests\test-java-25-spkrylova\addressbook-selenium-tests\bin C:\Users\skrylova\Downloads\selenium-server-standalone-2.47.1.jar
  VMArgs:    -ea
  Class:     org.testng.remote.RemoteTestNG
  Args:      -serport 60398 -d D:\skrylova\tests\test-java-25-spkrylova\addressbook-selenium-tests\test-output C:\Users\skrylova\AppData\Local\Temp\testng-eclipse-500411219\testng-customsuite.xml
java -ea -classpath D:\skrylova\tests\test-java-25-spkrylova\addressbook-selenium-tests\bin:C:\Users\skrylova\Downloads\selenium-server-standalone-2.47.1.jar org.testng.remote.RemoteTestNG -serport 60398 -d D:\skrylova\tests\test-java-25-spkrylova\addressbook-selenium-tests\test-output C:\Users\skrylova\AppData\Local\Temp\testng-eclipse-500411219\testng-customsuite.xml

!ENTRY org.testng.eclipse 1 0 2015-09-03 16:09:38.383
!MESSAGE [TestNGLaunchConfigurationDelegate] Launching:
  Classpath: D:\skrylova\tests\test-java-25-spkrylova\addressbook-selenium-tests\bin C:\Users\skrylova\Downloads\selenium-server-standalone-2.47.1.jar
  VMArgs:    -ea
  Class:     org.testng.remote.RemoteTestNG
  Args:      -serport 60418 -d D:\skrylova\tests\test-java-25-spkrylova\addressbook-selenium-tests\test-output C:\Users\skrylova\AppData\Local\Temp\testng-eclipse-1682909342\testng-customsuite.xml
java -ea -classpath D:\skrylova\tests\test-java-25-spkrylova\addressbook-selenium-tests\bin:C:\Users\skrylova\Downloads\selenium-server-standalone-2.47.1.jar org.testng.remote.RemoteTestNG -serport 60418 -d D:\skrylova\tests\test-java-25-spkrylova\addressbook-selenium-tests\test-output C:\Users\skrylova\AppData\Local\Temp\testng-eclipse-1682909342\testng-customsuite.xml

!ENTRY org.testng.eclipse 1 0 2015-09-03 16:22:06.785
!MESSAGE [TestNGLaunchShortcut] Examining Java element:ContactCreationTests.java [in com.example.tests [in src [in addressbook-selenium-tests]]]
  package com.example.tests
  import org.testng.annotations.Test
  class ContactCreationTests
    void testNonEmptyContactCreation()
    void testEmptyContactCreation()

!ENTRY org.testng.eclipse 1 0 2015-09-03 16:22:16.167
!MESSAGE [TestNGLaunchConfigurationDelegate] Launching:
  Classpath: D:\skrylova\tests\test-java-25-spkrylova\addressbook-selenium-tests\bin C:\Users\skrylova\Downloads\selenium-server-standalone-2.47.1.jar
  VMArgs:    -ea
  Class:     org.testng.remote.RemoteTestNG
  Args:      -serport 60440 -d D:\skrylova\tests\test-java-25-spkrylova\addressbook-selenium-tests\test-output C:\Users\skrylova\AppData\Local\Temp\testng-eclipse-1056795355\testng-customsuite.xml
java -ea -classpath D:\skrylova\tests\test-java-25-spkrylova\addressbook-selenium-tests\bin:C:\Users\skrylova\Downloads\selenium-server-standalone-2.47.1.jar org.testng.remote.RemoteTestNG -serport 60440 -d D:\skrylova\tests\test-java-25-spkrylova\addressbook-selenium-tests\test-output C:\Users\skrylova\AppData\Local\Temp\testng-eclipse-1056795355\testng-customsuite.xml

!ENTRY org.testng.eclipse 1 0 2015-09-03 16:27:39.688
!MESSAGE [TestNGLaunchShortcut] Examining Java element:[Working copy] GroupCreationTests.java [in com.example.tests [in src [in addressbook-selenium-tests]]]
  package com.example.tests
  import java.util.regex.Pattern
  import org.testng.annotations.Test
  class GroupCreationTests
    void testNonEmptyGroupCreation()
    void testEmptyGroupCreation()

!ENTRY org.testng.eclipse 1 0 2015-09-03 16:27:39.735
!MESSAGE [TestNGLaunchConfigurationDelegate] Launching:
  Classpath: D:\skrylova\tests\test-java-25-spkrylova\addressbook-selenium-tests\bin C:\Users\skrylova\Downloads\selenium-server-standalone-2.47.1.jar
  VMArgs:    -ea
  Class:     org.testng.remote.RemoteTestNG
  Args:      -serport 60485 -d D:\skrylova\tests\test-java-25-spkrylova\addressbook-selenium-tests\test-output C:\Users\skrylova\AppData\Local\Temp\testng-eclipse-1869029810\testng-customsuite.xml
java -ea -classpath D:\skrylova\tests\test-java-25-spkrylova\addressbook-selenium-tests\bin:C:\Users\skrylova\Downloads\selenium-server-standalone-2.47.1.jar org.testng.remote.RemoteTestNG -serport 60485 -d D:\skrylova\tests\test-java-25-spkrylova\addressbook-selenium-tests\test-output C:\Users\skrylova\AppData\Local\Temp\testng-eclipse-1869029810\testng-customsuite.xml

!ENTRY org.testng.eclipse 1 0 2015-09-03 16:30:58.534
!MESSAGE [TestNGLaunchShortcut] Examining Java element:[Working copy] GroupCreationTests.java [in com.example.tests [in src [in addressbook-selenium-tests]]]
  package com.example.tests
  import java.util.regex.Pattern
  import org.testng.annotations.Test
  class GroupCreationTests
    void testNonEmptyGroupCreation()
    void testEmptyGroupCreation()

!ENTRY org.testng.eclipse 1 0 2015-09-03 16:30:58.773
!MESSAGE [TestNGLaunchConfigurationDelegate] Launching:
  Classpath: D:\skrylova\tests\test-java-25-spkrylova\addressbook-selenium-tests\bin C:\Users\skrylova\Downloads\selenium-server-standalone-2.47.1.jar
  VMArgs:    -ea
  Class:     org.testng.remote.RemoteTestNG
  Args:      -serport 60509 -d D:\skrylova\tests\test-java-25-spkrylova\addressbook-selenium-tests\test-output C:\Users\skrylova\AppData\Local\Temp\testng-eclipse-737592209\testng-customsuite.xml
java -ea -classpath D:\skrylova\tests\test-java-25-spkrylova\addressbook-selenium-tests\bin:C:\Users\skrylova\Downloads\selenium-server-standalone-2.47.1.jar org.testng.remote.RemoteTestNG -serport 60509 -d D:\skrylova\tests\test-java-25-spkrylova\addressbook-selenium-tests\test-output C:\Users\skrylova\AppData\Local\Temp\testng-eclipse-737592209\testng-customsuite.xml

!ENTRY org.testng.eclipse 1 0 2015-09-03 16:43:49.213
!MESSAGE [TestNGLaunchShortcut] Examining Java element:[Working copy] GroupCreationTests.java [in com.example.tests [in src [in addressbook-selenium-tests]]]
  package com.example.tests
  import java.util.regex.Pattern
  import org.testng.annotations.Test
  class GroupCreationTests
    void testNonEmptyGroupCreation()
    void testEmptyGroupCreation()

!ENTRY org.testng.eclipse 1 0 2015-09-03 16:43:52.195
!MESSAGE [TestNGLaunchConfigurationDelegate] Launching:
  Classpath: D:\skrylova\tests\test-java-25-spkrylova\addressbook-selenium-tests\bin C:\Users\skrylova\Downloads\selenium-server-standalone-2.47.1.jar
  VMArgs:    -ea
  Class:     org.testng.remote.RemoteTestNG
  Args:      -serport 60571 -d D:\skrylova\tests\test-java-25-spkrylova\addressbook-selenium-tests\test-output C:\Users\skrylova\AppData\Local\Temp\testng-eclipse--101814399\testng-customsuite.xml
java -ea -classpath D:\skrylova\tests\test-java-25-spkrylova\addressbook-selenium-tests\bin:C:\Users\skrylova\Downloads\selenium-server-standalone-2.47.1.jar org.testng.remote.RemoteTestNG -serport 60571 -d D:\skrylova\tests\test-java-25-spkrylova\addressbook-selenium-tests\test-output C:\Users\skrylova\AppData\Local\Temp\testng-eclipse--101814399\testng-customsuite.xml

!ENTRY org.testng.eclipse 1 0 2015-09-03 16:45:06.893
!MESSAGE [TestNGLaunchShortcut] Examining Java element:[Working copy] GroupRemovalTests.java [in com.example.tests [in src [in addressbook-selenium-tests]]]
  package com.example.tests
  import org.testng.annotations.Test
  class GroupRemovalTests
    void deleteSomeGroup()

!ENTRY org.testng.eclipse 1 0 2015-09-03 16:45:07.062
!MESSAGE [TestNGLaunchConfigurationDelegate] Launching:
  Classpath: D:\skrylova\tests\test-java-25-spkrylova\addressbook-selenium-tests\bin C:\Users\skrylova\Downloads\selenium-server-standalone-2.47.1.jar
  VMArgs:    -ea
  Class:     org.testng.remote.RemoteTestNG
  Args:      -serport 60651 -d D:\skrylova\tests\test-java-25-spkrylova\addressbook-selenium-tests\test-output C:\Users\skrylova\AppData\Local\Temp\testng-eclipse-289349350\testng-customsuite.xml
java -ea -classpath D:\skrylova\tests\test-java-25-spkrylova\addressbook-selenium-tests\bin:C:\Users\skrylova\Downloads\selenium-server-standalone-2.47.1.jar org.testng.remote.RemoteTestNG -serport 60651 -d D:\skrylova\tests\test-java-25-spkrylova\addressbook-selenium-tests\test-output C:\Users\skrylova\AppData\Local\Temp\testng-eclipse-289349350\testng-customsuite.xml

!ENTRY org.testng.eclipse 1 0 2015-09-03 16:46:50.696
!MESSAGE [TestNGLaunchShortcut] Examining Java element:[Working copy] GroupRemovalTests.java [in com.example.tests [in src [in addressbook-selenium-tests]]]
  package com.example.tests
  import org.testng.annotations.Test
  class GroupRemovalTests
    void deleteSomeGroup()

!ENTRY org.testng.eclipse 1 0 2015-09-03 16:46:50.920
!MESSAGE [TestNGLaunchConfigurationDelegate] Launching:
  Classpath: D:\skrylova\tests\test-java-25-spkrylova\addressbook-selenium-tests\bin C:\Users\skrylova\Downloads\selenium-server-standalone-2.47.1.jar
  VMArgs:    -ea
  Class:     org.testng.remote.RemoteTestNG
  Args:      -serport 60693 -d D:\skrylova\tests\test-java-25-spkrylova\addressbook-selenium-tests\test-output C:\Users\skrylova\AppData\Local\Temp\testng-eclipse--1704095998\testng-customsuite.xml
java -ea -classpath D:\skrylova\tests\test-java-25-spkrylova\addressbook-selenium-tests\bin:C:\Users\skrylova\Downloads\selenium-server-standalone-2.47.1.jar org.testng.remote.RemoteTestNG -serport 60693 -d D:\skrylova\tests\test-java-25-spkrylova\addressbook-selenium-tests\test-output C:\Users\skrylova\AppData\Local\Temp\testng-eclipse--1704095998\testng-customsuite.xml

!ENTRY org.testng.eclipse 1 0 2015-09-03 16:47:35.778
!MESSAGE [TestNGLaunchShortcut] Examining Java element:[Working copy] GroupRemovalTests.java [in com.example.tests [in src [in addressbook-selenium-tests]]]
  package com.example.tests
  import org.testng.annotations.Test
  class GroupRemovalTests
    void deleteSomeGroup()

!ENTRY org.testng.eclipse 1 0 2015-09-03 16:47:35.946
!MESSAGE [TestNGLaunchConfigurationDelegate] Launching:
  Classpath: D:\skrylova\tests\test-java-25-spkrylova\addressbook-selenium-tests\bin C:\Users\skrylova\Downloads\selenium-server-standalone-2.47.1.jar
  VMArgs:    -ea
  Class:     org.testng.remote.RemoteTestNG
  Args:      -serport 60738 -d D:\skrylova\tests\test-java-25-spkrylova\addressbook-selenium-tests\test-output C:\Users\skrylova\AppData\Local\Temp\testng-eclipse--1815010951\testng-customsuite.xml
java -ea -classpath D:\skrylova\tests\test-java-25-spkrylova\addressbook-selenium-tests\bin:C:\Users\skrylova\Downloads\selenium-server-standalone-2.47.1.jar org.testng.remote.RemoteTestNG -serport 60738 -d D:\skrylova\tests\test-java-25-spkrylova\addressbook-selenium-tests\test-output C:\Users\skrylova\AppData\Local\Temp\testng-eclipse--1815010951\testng-customsuite.xml

!ENTRY org.testng.eclipse 1 0 2015-09-03 16:48:33.891
!MESSAGE [TestNGLaunchShortcut] Examining Java element:[Working copy] GroupRemovalTests.java [in com.example.tests [in src [in addressbook-selenium-tests]]]
  package com.example.tests
  import org.testng.annotations.Test
  class GroupRemovalTests
    void deleteSomeGroup()

!ENTRY org.testng.eclipse 1 0 2015-09-03 16:48:34.092
!MESSAGE [TestNGLaunchConfigurationDelegate] Launching:
  Classpath: D:\skrylova\tests\test-java-25-spkrylova\addressbook-selenium-tests\bin C:\Users\skrylova\Downloads\selenium-server-standalone-2.47.1.jar
  VMArgs:    -ea
  Class:     org.testng.remote.RemoteTestNG
  Args:      -serport 60786 -d D:\skrylova\tests\test-java-25-spkrylova\addressbook-selenium-tests\test-output C:\Users\skrylova\AppData\Local\Temp\testng-eclipse-669605501\testng-customsuite.xml
java -ea -classpath D:\skrylova\tests\test-java-25-spkrylova\addressbook-selenium-tests\bin:C:\Users\skrylova\Downloads\selenium-server-standalone-2.47.1.jar org.testng.remote.RemoteTestNG -serport 60786 -d D:\skrylova\tests\test-java-25-spkrylova\addressbook-selenium-tests\test-output C:\Users\skrylova\AppData\Local\Temp\testng-eclipse-669605501\testng-customsuite.xml

!ENTRY org.testng.eclipse 1 0 2015-09-03 16:49:31.627
!MESSAGE [TestNGLaunchShortcut] Examining Java element:ContactCreationTests.java [in com.example.tests [in src [in addressbook-selenium-tests]]]
  package com.example.tests
  import org.testng.annotations.Test
  class ContactCreationTests
    void testNonEmptyContactCreation()
    void testEmptyContactCreation()

!ENTRY org.testng.eclipse 1 0 2015-09-03 16:49:31.812
!MESSAGE [TestNGLaunchConfigurationDelegate] Launching:
  Classpath: D:\skrylova\tests\test-java-25-spkrylova\addressbook-selenium-tests\bin C:\Users\skrylova\Downloads\selenium-server-standalone-2.47.1.jar
  VMArgs:    -ea
  Class:     org.testng.remote.RemoteTestNG
  Args:      -serport 60831 -d D:\skrylova\tests\test-java-25-spkrylova\addressbook-selenium-tests\test-output C:\Users\skrylova\AppData\Local\Temp\testng-eclipse-463223560\testng-customsuite.xml
java -ea -classpath D:\skrylova\tests\test-java-25-spkrylova\addressbook-selenium-tests\bin:C:\Users\skrylova\Downloads\selenium-server-standalone-2.47.1.jar org.testng.remote.RemoteTestNG -serport 60831 -d D:\skrylova\tests\test-java-25-spkrylova\addressbook-selenium-tests\test-output C:\Users\skrylova\AppData\Local\Temp\testng-eclipse-463223560\testng-customsuite.xml

!ENTRY org.testng.eclipse 1 0 2015-09-03 16:50:57.870
!MESSAGE [TestNGLaunchShortcut] Examining Java element:ContactCreationTests.java [in com.example.tests [in src [in addressbook-selenium-tests]]]
  package com.example.tests
  import org.testng.annotations.Test
  class ContactCreationTests
    void testNonEmptyContactCreation()
    void testEmptyContactCreation()

!ENTRY org.testng.eclipse 1 0 2015-09-03 16:50:59.322
!MESSAGE [TestNGLaunchConfigurationDelegate] Launching:
  Classpath: D:\skrylova\tests\test-java-25-spkrylova\addressbook-selenium-tests\bin C:\Users\skrylova\Downloads\selenium-server-standalone-2.47.1.jar
  VMArgs:    -ea
  Class:     org.testng.remote.RemoteTestNG
  Args:      -serport 60882 -d D:\skrylova\tests\test-java-25-spkrylova\addressbook-selenium-tests\test-output C:\Users\skrylova\AppData\Local\Temp\testng-eclipse-1079930074\testng-customsuite.xml
java -ea -classpath D:\skrylova\tests\test-java-25-spkrylova\addressbook-selenium-tests\bin:C:\Users\skrylova\Downloads\selenium-server-standalone-2.47.1.jar org.testng.remote.RemoteTestNG -serport 60882 -d D:\skrylova\tests\test-java-25-spkrylova\addressbook-selenium-tests\test-output C:\Users\skrylova\AppData\Local\Temp\testng-eclipse-1079930074\testng-customsuite.xml

!ENTRY org.testng.eclipse 1 0 2015-09-03 17:38:03.254
!MESSAGE [TestNGLaunchShortcut] Examining Java element:[Working copy] GroupModificationTests.java [in com.example.tests [in src [in addressbook-selenium-tests]]]
  package com.example.tests
  import org.testng.annotations.Test
  class GroupModificationTests
    void modifySomeGroup()

!ENTRY org.testng.eclipse 1 0 2015-09-03 17:38:05.048
!MESSAGE [TestNGLaunchConfigurationDelegate] Launching:
  Classpath: D:\skrylova\tests\test-java-25-spkrylova\addressbook-selenium-tests\bin C:\Users\skrylova\Downloads\selenium-server-standalone-2.47.1.jar
  VMArgs:    -ea
  Class:     org.testng.remote.RemoteTestNG
  Args:      -serport 61065 -d D:\skrylova\tests\test-java-25-spkrylova\addressbook-selenium-tests\test-output C:\Users\skrylova\AppData\Local\Temp\testng-eclipse--2090015067\testng-customsuite.xml
java -ea -classpath D:\skrylova\tests\test-java-25-spkrylova\addressbook-selenium-tests\bin:C:\Users\skrylova\Downloads\selenium-server-standalone-2.47.1.jar org.testng.remote.RemoteTestNG -serport 61065 -d D:\skrylova\tests\test-java-25-spkrylova\addressbook-selenium-tests\test-output C:\Users\skrylova\AppData\Local\Temp\testng-eclipse--2090015067\testng-customsuite.xml
